{
"contracts/Core/ACTUSTypes.sol":{"l":{},"path":"/Users/johannes/Documents/dev/actus-protocol/ap-monorepo/packages/actus-solidity/contracts/Core/ACTUSTypes.sol","s":{},"b":{},"f":{},"fnMap":{},"statementMap":{},"branchMap":{}},
"contracts/Core/Conventions/BusinessDayConvention.sol":{"l":{"29":1750,"35":104,"38":1646,"57":2094,"58":80,"62":80,"63":80,"64":56,"66":24,"69":0,"73":132,"74":132,"75":132,"77":0,"80":1802,"92":160,"93":160,"94":24,"96":26,"99":110,"111":156,"112":156,"113":32,"115":34,"118":90},"path":"/Users/johannes/Documents/dev/actus-protocol/ap-monorepo/packages/actus-solidity/contracts/Core/Conventions/BusinessDayConvention.sol","s":{"1":1750,"2":104,"3":1646,"4":2094,"5":80,"6":2014,"7":80,"8":80,"9":56,"10":24,"11":1934,"12":0,"13":1934,"14":132,"15":132,"16":132,"17":0,"18":1802,"19":160,"20":160,"21":24,"22":136,"23":26,"24":110,"25":156,"26":156,"27":32,"28":124,"29":34,"30":90},"b":{"1":[104,1646],"2":[80,2014],"3":[80,1934],"4":[56,24],"5":[0,1934],"6":[132,1802],"7":[132,0],"8":[160,0],"9":[24,136],"10":[26,110],"11":[156,0],"12":[32,124],"13":[34,90]},"f":{"1":1750,"2":2094,"3":160,"4":156},"fnMap":{"1":{"name":"shiftCalcTime","line":20,"loc":{"start":{"line":20,"column":4},"end":{"line":28,"column":5}}},"2":{"name":"shiftEventTime","line":47,"loc":{"start":{"line":47,"column":4},"end":{"line":55,"column":5}}},"3":{"name":"getClosestBusinessDaySameDayOrFollowing","line":87,"loc":{"start":{"line":87,"column":4},"end":{"line":91,"column":5}}},"4":{"name":"getClosestBusinessDaySameDayOrPreceeding","line":106,"loc":{"start":{"line":106,"column":4},"end":{"line":110,"column":5}}}},"statementMap":{"1":{"start":{"line":29,"column":8},"end":{"line":29,"column":822}},"2":{"start":{"line":35,"column":12},"end":{"line":35,"column":28}},"3":{"start":{"line":38,"column":8},"end":{"line":38,"column":62}},"4":{"start":{"line":57,"column":8},"end":{"line":57,"column":1786}},"5":{"start":{"line":58,"column":12},"end":{"line":58,"column":79}},"6":{"start":{"line":61,"column":15},"end":{"line":61,"column":2155}},"7":{"start":{"line":62,"column":12},"end":{"line":62,"column":109}},"8":{"start":{"line":63,"column":12},"end":{"line":63,"column":2374}},"9":{"start":{"line":64,"column":16},"end":{"line":64,"column":49}},"10":{"start":{"line":66,"column":12},"end":{"line":66,"column":80}},"11":{"start":{"line":68,"column":15},"end":{"line":68,"column":2711}},"12":{"start":{"line":69,"column":12},"end":{"line":69,"column":80}},"13":{"start":{"line":72,"column":15},"end":{"line":72,"column":3084}},"14":{"start":{"line":73,"column":12},"end":{"line":73,"column":111}},"15":{"start":{"line":74,"column":12},"end":{"line":74,"column":3305}},"16":{"start":{"line":75,"column":16},"end":{"line":75,"column":50}},"17":{"start":{"line":77,"column":12},"end":{"line":77,"column":79}},"18":{"start":{"line":80,"column":8},"end":{"line":80,"column":24}},"19":{"start":{"line":92,"column":8},"end":{"line":92,"column":3938}},"20":{"start":{"line":93,"column":12},"end":{"line":93,"column":3985}},"21":{"start":{"line":94,"column":16},"end":{"line":94,"column":72}},"22":{"start":{"line":95,"column":19},"end":{"line":95,"column":4142}},"23":{"start":{"line":96,"column":16},"end":{"line":96,"column":72}},"24":{"start":{"line":99,"column":8},"end":{"line":99,"column":24}},"25":{"start":{"line":111,"column":8},"end":{"line":111,"column":4653}},"26":{"start":{"line":112,"column":12},"end":{"line":112,"column":4700}},"27":{"start":{"line":113,"column":16},"end":{"line":113,"column":72}},"28":{"start":{"line":114,"column":19},"end":{"line":114,"column":4857}},"29":{"start":{"line":115,"column":16},"end":{"line":115,"column":72}},"30":{"start":{"line":118,"column":8},"end":{"line":118,"column":24}}},"branchMap":{"1":{"line":29,"type":"if","locations":[{"start":{"line":29,"column":8},"end":{"line":29,"column":8}},{"start":{"line":29,"column":8},"end":{"line":29,"column":8}}]},"2":{"line":57,"type":"if","locations":[{"start":{"line":57,"column":8},"end":{"line":57,"column":8}},{"start":{"line":57,"column":8},"end":{"line":57,"column":8}}]},"3":{"line":61,"type":"if","locations":[{"start":{"line":61,"column":15},"end":{"line":61,"column":15}},{"start":{"line":61,"column":15},"end":{"line":61,"column":15}}]},"4":{"line":63,"type":"if","locations":[{"start":{"line":63,"column":12},"end":{"line":63,"column":12}},{"start":{"line":63,"column":12},"end":{"line":63,"column":12}}]},"5":{"line":68,"type":"if","locations":[{"start":{"line":68,"column":15},"end":{"line":68,"column":15}},{"start":{"line":68,"column":15},"end":{"line":68,"column":15}}]},"6":{"line":72,"type":"if","locations":[{"start":{"line":72,"column":15},"end":{"line":72,"column":15}},{"start":{"line":72,"column":15},"end":{"line":72,"column":15}}]},"7":{"line":74,"type":"if","locations":[{"start":{"line":74,"column":12},"end":{"line":74,"column":12}},{"start":{"line":74,"column":12},"end":{"line":74,"column":12}}]},"8":{"line":92,"type":"if","locations":[{"start":{"line":92,"column":8},"end":{"line":92,"column":8}},{"start":{"line":92,"column":8},"end":{"line":92,"column":8}}]},"9":{"line":93,"type":"if","locations":[{"start":{"line":93,"column":12},"end":{"line":93,"column":12}},{"start":{"line":93,"column":12},"end":{"line":93,"column":12}}]},"10":{"line":95,"type":"if","locations":[{"start":{"line":95,"column":19},"end":{"line":95,"column":19}},{"start":{"line":95,"column":19},"end":{"line":95,"column":19}}]},"11":{"line":111,"type":"if","locations":[{"start":{"line":111,"column":8},"end":{"line":111,"column":8}},{"start":{"line":111,"column":8},"end":{"line":111,"column":8}}]},"12":{"line":112,"type":"if","locations":[{"start":{"line":112,"column":12},"end":{"line":112,"column":12}},{"start":{"line":112,"column":12},"end":{"line":112,"column":12}}]},"13":{"line":114,"type":"if","locations":[{"start":{"line":114,"column":19},"end":{"line":114,"column":19}},{"start":{"line":114,"column":19},"end":{"line":114,"column":19}}]}}},
"contracts/Core/Conventions/ContractDefaultConvention.sol":{"l":{"20":4,"21":3},"path":"/Users/johannes/Documents/dev/actus-protocol/ap-monorepo/packages/actus-solidity/contracts/Core/Conventions/ContractDefaultConvention.sol","s":{"1":4,"2":1,"3":3},"b":{"1":[1,3]},"f":{"1":4},"fnMap":{"1":{"name":"performanceIndicator","line":15,"loc":{"start":{"line":15,"column":4},"end":{"line":19,"column":5}}}},"statementMap":{"1":{"start":{"line":20,"column":8},"end":{"line":20,"column":67}},"2":{"start":{"line":20,"column":59},"end":{"line":20,"column":67}},"3":{"start":{"line":21,"column":8},"end":{"line":21,"column":16}}},"branchMap":{"1":{"line":20,"type":"if","locations":[{"start":{"line":20,"column":8},"end":{"line":20,"column":8}},{"start":{"line":20,"column":8},"end":{"line":20,"column":8}}]}}},
"contracts/Core/Conventions/ContractRoleConvention.sol":{"l":{"19":525,"20":91,"22":0,"23":0,"25":0,"26":0,"28":0},"path":"/Users/johannes/Documents/dev/actus-protocol/ap-monorepo/packages/actus-solidity/contracts/Core/Conventions/ContractRoleConvention.sol","s":{"1":525,"2":434,"3":91,"4":91,"5":0,"6":0,"7":0,"8":0,"9":0,"10":0,"11":0,"12":0,"13":0},"b":{"1":[434,91],"2":[91,0],"3":[0,0],"4":[0,0],"5":[0,0],"6":[0,0]},"f":{"1":525},"fnMap":{"1":{"name":"roleSign","line":14,"loc":{"start":{"line":14,"column":4},"end":{"line":18,"column":5}}}},"statementMap":{"1":{"start":{"line":19,"column":8},"end":{"line":19,"column":54}},"2":{"start":{"line":19,"column":46},"end":{"line":19,"column":54}},"3":{"start":{"line":20,"column":8},"end":{"line":20,"column":55}},"4":{"start":{"line":20,"column":46},"end":{"line":20,"column":55}},"5":{"start":{"line":22,"column":8},"end":{"line":22,"column":54}},"6":{"start":{"line":22,"column":46},"end":{"line":22,"column":54}},"7":{"start":{"line":23,"column":8},"end":{"line":23,"column":55}},"8":{"start":{"line":23,"column":46},"end":{"line":23,"column":55}},"9":{"start":{"line":25,"column":8},"end":{"line":25,"column":54}},"10":{"start":{"line":25,"column":46},"end":{"line":25,"column":54}},"11":{"start":{"line":26,"column":8},"end":{"line":26,"column":55}},"12":{"start":{"line":26,"column":46},"end":{"line":26,"column":55}},"13":{"start":{"line":28,"column":8},"end":{"line":28,"column":69}}},"branchMap":{"1":{"line":19,"type":"if","locations":[{"start":{"line":19,"column":8},"end":{"line":19,"column":8}},{"start":{"line":19,"column":8},"end":{"line":19,"column":8}}]},"2":{"line":20,"type":"if","locations":[{"start":{"line":20,"column":8},"end":{"line":20,"column":8}},{"start":{"line":20,"column":8},"end":{"line":20,"column":8}}]},"3":{"line":22,"type":"if","locations":[{"start":{"line":22,"column":8},"end":{"line":22,"column":8}},{"start":{"line":22,"column":8},"end":{"line":22,"column":8}}]},"4":{"line":23,"type":"if","locations":[{"start":{"line":23,"column":8},"end":{"line":23,"column":8}},{"start":{"line":23,"column":8},"end":{"line":23,"column":8}}]},"5":{"line":25,"type":"if","locations":[{"start":{"line":25,"column":8},"end":{"line":25,"column":8}},{"start":{"line":25,"column":8},"end":{"line":25,"column":8}}]},"6":{"line":26,"type":"if","locations":[{"start":{"line":26,"column":8},"end":{"line":26,"column":8}},{"start":{"line":26,"column":8},"end":{"line":26,"column":8}}]}}},
"contracts/Core/Conventions/DayCountConvention.sol":{"l":{"34":935,"35":935,"36":28,"38":31,"40":505,"42":356,"44":15,"47":0,"49":0,"61":28,"62":28,"64":28,"66":28,"67":25,"70":3,"72":3,"76":3,"81":3,"92":31,"103":505,"114":356,"115":356,"116":356,"118":356,"119":356,"120":356,"122":356,"123":356,"125":356,"126":73,"129":356,"130":65,"133":356,"134":356,"135":356,"137":356,"148":15,"149":15,"150":15,"152":15,"153":15,"154":15,"156":15,"157":15,"159":15,"160":10,"163":15,"164":7,"167":15,"168":15,"169":15,"171":15},"path":"/Users/johannes/Documents/dev/actus-protocol/ap-monorepo/packages/actus-solidity/contracts/Core/Conventions/DayCountConvention.sol","s":{"1":935,"2":935,"3":28,"4":907,"5":31,"6":876,"7":505,"8":371,"9":356,"10":15,"11":15,"12":0,"13":0,"14":0,"15":28,"16":28,"17":28,"18":28,"19":25,"20":3,"21":3,"22":3,"23":3,"24":31,"25":505,"26":356,"27":356,"28":356,"29":356,"30":356,"31":356,"32":356,"33":356,"34":356,"35":73,"36":356,"37":65,"38":356,"39":356,"40":356,"41":356,"42":15,"43":15,"44":15,"45":15,"46":15,"47":15,"48":15,"49":15,"50":15,"51":10,"52":15,"53":7,"54":15,"55":15,"56":15,"57":15},"b":{"1":[935,0],"2":[28,907],"3":[31,876],"4":[505,371],"5":[356,15],"6":[15,0],"7":[0,0],"8":[25,3],"9":[73,283],"10":[65,291],"11":[10,5],"12":[7,8]},"f":{"1":935,"2":28,"3":31,"4":505,"5":356,"6":15},"fnMap":{"1":{"name":"yearFraction","line":24,"loc":{"start":{"line":24,"column":4},"end":{"line":33,"column":5}}},"2":{"name":"actualActual","line":56,"loc":{"start":{"line":56,"column":4},"end":{"line":60,"column":5}}},"3":{"name":"actualThreeSixty","line":87,"loc":{"start":{"line":87,"column":4},"end":{"line":91,"column":5}}},"4":{"name":"actualThreeSixtyFive","line":98,"loc":{"start":{"line":98,"column":4},"end":{"line":102,"column":5}}},"5":{"name":"thirtyEThreeSixty","line":109,"loc":{"start":{"line":109,"column":4},"end":{"line":113,"column":5}}},"6":{"name":"thirtyEThreeSixtyISDA","line":143,"loc":{"start":{"line":143,"column":4},"end":{"line":147,"column":5}}}},"statementMap":{"1":{"start":{"line":34,"column":8},"end":{"line":34,"column":89}},"2":{"start":{"line":35,"column":8},"end":{"line":35,"column":943}},"3":{"start":{"line":36,"column":12},"end":{"line":36,"column":61}},"4":{"start":{"line":37,"column":15},"end":{"line":37,"column":1058}},"5":{"start":{"line":38,"column":12},"end":{"line":38,"column":65}},"6":{"start":{"line":39,"column":15},"end":{"line":39,"column":1179}},"7":{"start":{"line":40,"column":12},"end":{"line":40,"column":69}},"8":{"start":{"line":41,"column":15},"end":{"line":41,"column":1304}},"9":{"start":{"line":42,"column":12},"end":{"line":42,"column":66}},"10":{"start":{"line":43,"column":15},"end":{"line":43,"column":1429}},"11":{"start":{"line":44,"column":12},"end":{"line":44,"column":84}},"12":{"start":{"line":45,"column":15},"end":{"line":45,"column":1576}},"13":{"start":{"line":47,"column":12},"end":{"line":47,"column":78}},"14":{"start":{"line":49,"column":12},"end":{"line":49,"column":74}},"15":{"start":{"line":61,"column":8},"end":{"line":61,"column":71}},"16":{"start":{"line":62,"column":8},"end":{"line":62,"column":69}},"17":{"start":{"line":64,"column":8},"end":{"line":64,"column":91}},"18":{"start":{"line":66,"column":8},"end":{"line":66,"column":2268}},"19":{"start":{"line":67,"column":12},"end":{"line":67,"column":104}},"20":{"start":{"line":70,"column":8},"end":{"line":70,"column":90}},"21":{"start":{"line":72,"column":8},"end":{"line":72,"column":2533}},"22":{"start":{"line":76,"column":8},"end":{"line":76,"column":2745}},"23":{"start":{"line":81,"column":8},"end":{"line":81,"column":87}},"24":{"start":{"line":92,"column":8},"end":{"line":92,"column":74}},"25":{"start":{"line":103,"column":8},"end":{"line":103,"column":74}},"26":{"start":{"line":114,"column":8},"end":{"line":114,"column":21}},"27":{"start":{"line":115,"column":8},"end":{"line":115,"column":23}},"28":{"start":{"line":116,"column":8},"end":{"line":116,"column":22}},"29":{"start":{"line":118,"column":8},"end":{"line":118,"column":21}},"30":{"start":{"line":119,"column":8},"end":{"line":119,"column":23}},"31":{"start":{"line":120,"column":8},"end":{"line":120,"column":22}},"32":{"start":{"line":122,"column":8},"end":{"line":122,"column":88}},"33":{"start":{"line":123,"column":8},"end":{"line":123,"column":86}},"34":{"start":{"line":125,"column":8},"end":{"line":125,"column":4074}},"35":{"start":{"line":126,"column":12},"end":{"line":126,"column":21}},"36":{"start":{"line":129,"column":8},"end":{"line":129,"column":4136}},"37":{"start":{"line":130,"column":12},"end":{"line":130,"column":21}},"38":{"start":{"line":133,"column":8},"end":{"line":133,"column":54}},"39":{"start":{"line":134,"column":8},"end":{"line":134,"column":58}},"40":{"start":{"line":135,"column":8},"end":{"line":135,"column":56}},"41":{"start":{"line":137,"column":8},"end":{"line":137,"column":74}},"42":{"start":{"line":148,"column":8},"end":{"line":148,"column":21}},"43":{"start":{"line":149,"column":8},"end":{"line":149,"column":23}},"44":{"start":{"line":150,"column":8},"end":{"line":150,"column":22}},"45":{"start":{"line":152,"column":8},"end":{"line":152,"column":21}},"46":{"start":{"line":153,"column":8},"end":{"line":153,"column":23}},"47":{"start":{"line":154,"column":8},"end":{"line":154,"column":22}},"48":{"start":{"line":156,"column":8},"end":{"line":156,"column":88}},"49":{"start":{"line":157,"column":8},"end":{"line":157,"column":86}},"50":{"start":{"line":159,"column":8},"end":{"line":159,"column":4999}},"51":{"start":{"line":160,"column":12},"end":{"line":160,"column":21}},"52":{"start":{"line":163,"column":8},"end":{"line":163,"column":5112}},"53":{"start":{"line":164,"column":12},"end":{"line":164,"column":21}},"54":{"start":{"line":167,"column":8},"end":{"line":167,"column":54}},"55":{"start":{"line":168,"column":8},"end":{"line":168,"column":58}},"56":{"start":{"line":169,"column":8},"end":{"line":169,"column":56}},"57":{"start":{"line":171,"column":8},"end":{"line":171,"column":74}}},"branchMap":{"1":{"line":34,"type":"if","locations":[{"start":{"line":34,"column":8},"end":{"line":34,"column":8}},{"start":{"line":34,"column":8},"end":{"line":34,"column":8}}]},"2":{"line":35,"type":"if","locations":[{"start":{"line":35,"column":8},"end":{"line":35,"column":8}},{"start":{"line":35,"column":8},"end":{"line":35,"column":8}}]},"3":{"line":37,"type":"if","locations":[{"start":{"line":37,"column":15},"end":{"line":37,"column":15}},{"start":{"line":37,"column":15},"end":{"line":37,"column":15}}]},"4":{"line":39,"type":"if","locations":[{"start":{"line":39,"column":15},"end":{"line":39,"column":15}},{"start":{"line":39,"column":15},"end":{"line":39,"column":15}}]},"5":{"line":41,"type":"if","locations":[{"start":{"line":41,"column":15},"end":{"line":41,"column":15}},{"start":{"line":41,"column":15},"end":{"line":41,"column":15}}]},"6":{"line":43,"type":"if","locations":[{"start":{"line":43,"column":15},"end":{"line":43,"column":15}},{"start":{"line":43,"column":15},"end":{"line":43,"column":15}}]},"7":{"line":45,"type":"if","locations":[{"start":{"line":45,"column":15},"end":{"line":45,"column":15}},{"start":{"line":45,"column":15},"end":{"line":45,"column":15}}]},"8":{"line":66,"type":"if","locations":[{"start":{"line":66,"column":8},"end":{"line":66,"column":8}},{"start":{"line":66,"column":8},"end":{"line":66,"column":8}}]},"9":{"line":125,"type":"if","locations":[{"start":{"line":125,"column":8},"end":{"line":125,"column":8}},{"start":{"line":125,"column":8},"end":{"line":125,"column":8}}]},"10":{"line":129,"type":"if","locations":[{"start":{"line":129,"column":8},"end":{"line":129,"column":8}},{"start":{"line":129,"column":8},"end":{"line":129,"column":8}}]},"11":{"line":159,"type":"if","locations":[{"start":{"line":159,"column":8},"end":{"line":159,"column":8}},{"start":{"line":159,"column":8},"end":{"line":159,"column":8}}]},"12":{"line":163,"type":"if","locations":[{"start":{"line":163,"column":8},"end":{"line":163,"column":8}},{"start":{"line":163,"column":8},"end":{"line":163,"column":8}}]}}},
"contracts/Core/Conventions/EndOfMonthConvention.sol":{"l":{"35":0,"38":0,"42":0,"44":0,"46":0,"48":0},"path":"/Users/johannes/Documents/dev/actus-protocol/ap-monorepo/packages/actus-solidity/contracts/Core/Conventions/EndOfMonthConvention.sol","s":{"1":0,"2":0,"3":0,"4":0,"5":0,"6":0,"7":0},"b":{"1":[0,0],"2":[0,0],"3":[0,0]},"f":{"1":0},"fnMap":{"1":{"name":"adjustEndOfMonthConvention","line":26,"loc":{"start":{"line":26,"column":4},"end":{"line":34,"column":5}}}},"statementMap":{"1":{"start":{"line":35,"column":8},"end":{"line":35,"column":1200}},"2":{"start":{"line":38,"column":12},"end":{"line":38,"column":1396}},"3":{"start":{"line":42,"column":16},"end":{"line":42,"column":47}},"4":{"start":{"line":44,"column":12},"end":{"line":44,"column":42}},"5":{"start":{"line":45,"column":15},"end":{"line":45,"column":1726}},"6":{"start":{"line":46,"column":12},"end":{"line":46,"column":42}},"7":{"start":{"line":48,"column":8},"end":{"line":48,"column":86}}},"branchMap":{"1":{"line":35,"type":"if","locations":[{"start":{"line":35,"column":8},"end":{"line":35,"column":8}},{"start":{"line":35,"column":8},"end":{"line":35,"column":8}}]},"2":{"line":38,"type":"if","locations":[{"start":{"line":38,"column":12},"end":{"line":38,"column":12}},{"start":{"line":38,"column":12},"end":{"line":38,"column":12}}]},"3":{"line":45,"type":"if","locations":[{"start":{"line":45,"column":15},"end":{"line":45,"column":15}},{"start":{"line":45,"column":15},"end":{"line":45,"column":15}}]}}},
"contracts/Core/Core.sol":{"l":{},"path":"/Users/johannes/Documents/dev/actus-protocol/ap-monorepo/packages/actus-solidity/contracts/Core/Core.sol","s":{},"b":{},"f":{},"fnMap":{},"statementMap":{},"branchMap":{}},
"contracts/Core/Schedule.sol":{"l":{"24":1054,"26":1054,"27":174,"29":69,"31":687,"33":77,"35":28,"37":19,"39":0,"42":1054,"70":108,"71":108,"76":108,"77":7,"78":3,"79":3,"81":7,"82":3,"84":7,"87":101,"88":101,"91":101,"93":1029,"94":957,"95":957,"96":957,"99":1029,"102":1029,"107":101,"108":83,"109":79,"114":101,"115":101,"116":30,"117":30,"121":101},"path":"/Users/johannes/Documents/dev/actus-protocol/ap-monorepo/packages/actus-solidity/contracts/Core/Schedule.sol","s":{"1":1054,"2":1054,"3":174,"4":880,"5":69,"6":811,"7":687,"8":124,"9":77,"10":47,"11":28,"12":19,"13":19,"14":0,"15":1054,"16":108,"17":108,"18":108,"19":7,"20":3,"21":7,"22":3,"23":1,"24":7,"25":101,"26":101,"27":101,"28":1029,"29":957,"30":957,"31":1029,"32":101,"33":83,"34":79,"35":101,"36":101,"37":30,"38":101},"b":{"1":[174,880],"2":[69,811],"3":[687,124],"4":[77,47],"5":[28,19],"6":[19,0],"7":[7,101],"8":[3,4],"9":[3,4],"10":[1,2],"11":[957,72],"12":[957,0],"13":[83,18],"14":[79,4],"15":[101,0],"16":[30,71]},"f":{"1":1054,"2":108},"fnMap":{"1":{"name":"getNextCycleDate","line":19,"loc":{"start":{"line":19,"column":4},"end":{"line":23,"column":5}}},"2":{"name":"computeDatesFromCycleSegment","line":58,"loc":{"start":{"line":58,"column":4},"end":{"line":69,"column":5}}}},"statementMap":{"1":{"start":{"line":24,"column":8},"end":{"line":24,"column":28}},"2":{"start":{"line":26,"column":8},"end":{"line":26,"column":595}},"3":{"start":{"line":27,"column":12},"end":{"line":27,"column":95}},"4":{"start":{"line":28,"column":15},"end":{"line":28,"column":730}},"5":{"start":{"line":29,"column":12},"end":{"line":29,"column":99}},"6":{"start":{"line":30,"column":15},"end":{"line":30,"column":869}},"7":{"start":{"line":31,"column":12},"end":{"line":31,"column":97}},"8":{"start":{"line":32,"column":15},"end":{"line":32,"column":1006}},"9":{"start":{"line":33,"column":12},"end":{"line":33,"column":101}},"10":{"start":{"line":34,"column":15},"end":{"line":34,"column":1147}},"11":{"start":{"line":35,"column":12},"end":{"line":35,"column":101}},"12":{"start":{"line":36,"column":15},"end":{"line":36,"column":1288}},"13":{"start":{"line":37,"column":12},"end":{"line":37,"column":96}},"14":{"start":{"line":39,"column":12},"end":{"line":39,"column":67}},"15":{"start":{"line":42,"column":8},"end":{"line":42,"column":27}},"16":{"start":{"line":70,"column":8},"end":{"line":70,"column":44}},"17":{"start":{"line":71,"column":8},"end":{"line":71,"column":25}},"18":{"start":{"line":76,"column":8},"end":{"line":76,"column":3007}},"19":{"start":{"line":77,"column":12},"end":{"line":77,"column":3051}},"20":{"start":{"line":78,"column":16},"end":{"line":78,"column":40}},"21":{"start":{"line":81,"column":12},"end":{"line":81,"column":3202}},"22":{"start":{"line":82,"column":16},"end":{"line":82,"column":63}},"23":{"start":{"line":82,"column":40},"end":{"line":82,"column":62}},"24":{"start":{"line":84,"column":12},"end":{"line":84,"column":24}},"25":{"start":{"line":87,"column":8},"end":{"line":87,"column":33}},"26":{"start":{"line":88,"column":8},"end":{"line":88,"column":30}},"27":{"start":{"line":91,"column":8},"end":{"line":91,"column":3521}},"28":{"start":{"line":93,"column":12},"end":{"line":93,"column":3661}},"29":{"start":{"line":94,"column":16},"end":{"line":94,"column":102}},"30":{"start":{"line":95,"column":16},"end":{"line":95,"column":34}},"31":{"start":{"line":102,"column":12},"end":{"line":102,"column":65}},"32":{"start":{"line":107,"column":8},"end":{"line":107,"column":4062}},"33":{"start":{"line":108,"column":12},"end":{"line":108,"column":4104}},"34":{"start":{"line":109,"column":16},"end":{"line":109,"column":38}},"35":{"start":{"line":114,"column":8},"end":{"line":114,"column":4334}},"36":{"start":{"line":115,"column":12},"end":{"line":115,"column":4426}},"37":{"start":{"line":116,"column":16},"end":{"line":116,"column":46}},"38":{"start":{"line":121,"column":8},"end":{"line":121,"column":20}}},"branchMap":{"1":{"line":26,"type":"if","locations":[{"start":{"line":26,"column":8},"end":{"line":26,"column":8}},{"start":{"line":26,"column":8},"end":{"line":26,"column":8}}]},"2":{"line":28,"type":"if","locations":[{"start":{"line":28,"column":15},"end":{"line":28,"column":15}},{"start":{"line":28,"column":15},"end":{"line":28,"column":15}}]},"3":{"line":30,"type":"if","locations":[{"start":{"line":30,"column":15},"end":{"line":30,"column":15}},{"start":{"line":30,"column":15},"end":{"line":30,"column":15}}]},"4":{"line":32,"type":"if","locations":[{"start":{"line":32,"column":15},"end":{"line":32,"column":15}},{"start":{"line":32,"column":15},"end":{"line":32,"column":15}}]},"5":{"line":34,"type":"if","locations":[{"start":{"line":34,"column":15},"end":{"line":34,"column":15}},{"start":{"line":34,"column":15},"end":{"line":34,"column":15}}]},"6":{"line":36,"type":"if","locations":[{"start":{"line":36,"column":15},"end":{"line":36,"column":15}},{"start":{"line":36,"column":15},"end":{"line":36,"column":15}}]},"7":{"line":76,"type":"if","locations":[{"start":{"line":76,"column":8},"end":{"line":76,"column":8}},{"start":{"line":76,"column":8},"end":{"line":76,"column":8}}]},"8":{"line":77,"type":"if","locations":[{"start":{"line":77,"column":12},"end":{"line":77,"column":12}},{"start":{"line":77,"column":12},"end":{"line":77,"column":12}}]},"9":{"line":81,"type":"if","locations":[{"start":{"line":81,"column":12},"end":{"line":81,"column":12}},{"start":{"line":81,"column":12},"end":{"line":81,"column":12}}]},"10":{"line":82,"type":"if","locations":[{"start":{"line":82,"column":16},"end":{"line":82,"column":16}},{"start":{"line":82,"column":16},"end":{"line":82,"column":16}}]},"11":{"line":93,"type":"if","locations":[{"start":{"line":93,"column":12},"end":{"line":93,"column":12}},{"start":{"line":93,"column":12},"end":{"line":93,"column":12}}]},"12":{"line":94,"type":"if","locations":[{"start":{"line":94,"column":16},"end":{"line":94,"column":16}},{"start":{"line":94,"column":16},"end":{"line":94,"column":16}}]},"13":{"line":107,"type":"if","locations":[{"start":{"line":107,"column":8},"end":{"line":107,"column":8}},{"start":{"line":107,"column":8},"end":{"line":107,"column":8}}]},"14":{"line":108,"type":"if","locations":[{"start":{"line":108,"column":12},"end":{"line":108,"column":12}},{"start":{"line":108,"column":12},"end":{"line":108,"column":12}}]},"15":{"line":114,"type":"if","locations":[{"start":{"line":114,"column":8},"end":{"line":114,"column":8}},{"start":{"line":114,"column":8},"end":{"line":114,"column":8}}]},"16":{"line":115,"type":"if","locations":[{"start":{"line":115,"column":12},"end":{"line":115,"column":12}},{"start":{"line":115,"column":12},"end":{"line":115,"column":12}}]}}},
"contracts/Core/SignedMath.sol":{"l":{"26":2347,"28":1237,"29":1237,"30":1237,"33":1233,"34":1233,"36":1232,"44":948,"47":948,"48":723,"49":723,"51":719,"52":719,"53":719,"55":718,"62":181,"69":41},"path":"/Users/johannes/Documents/dev/actus-protocol/ap-monorepo/packages/actus-solidity/contracts/Core/SignedMath.sol","s":{"1":2347,"2":1110,"3":1237,"4":1237,"5":1237,"6":1233,"7":1233,"8":1232,"9":948,"10":948,"11":225,"12":723,"13":723,"14":719,"15":719,"16":719,"17":718,"18":181,"19":41},"b":{"1":[1110,1237],"2":[1237,0],"3":[1233,4],"4":[1232,1],"5":[948,0],"6":[225,723],"7":[719,4],"8":[719,0],"9":[718,1]},"f":{"1":2347,"2":948,"3":181,"4":41},"fnMap":{"1":{"name":"floatMult","line":21,"loc":{"start":{"line":21,"column":4},"end":{"line":25,"column":5}}},"2":{"name":"floatDiv","line":39,"loc":{"start":{"line":39,"column":4},"end":{"line":43,"column":5}}},"3":{"name":"min","line":61,"loc":{"start":{"line":61,"column":4},"end":{"line":61,"column":65}}},"4":{"name":"max","line":68,"loc":{"start":{"line":68,"column":4},"end":{"line":68,"column":65}}}},"statementMap":{"1":{"start":{"line":26,"column":8},"end":{"line":26,"column":38}},"2":{"start":{"line":26,"column":30},"end":{"line":26,"column":38}},"3":{"start":{"line":28,"column":8},"end":{"line":28,"column":88}},"4":{"start":{"line":29,"column":8},"end":{"line":29,"column":24}},"5":{"start":{"line":30,"column":8},"end":{"line":30,"column":69}},"6":{"start":{"line":33,"column":8},"end":{"line":33,"column":44}},"7":{"start":{"line":34,"column":8},"end":{"line":34,"column":76}},"8":{"start":{"line":36,"column":8},"end":{"line":36,"column":16}},"9":{"start":{"line":44,"column":8},"end":{"line":44,"column":62}},"10":{"start":{"line":47,"column":8},"end":{"line":47,"column":28}},"11":{"start":{"line":47,"column":20},"end":{"line":47,"column":28}},"12":{"start":{"line":48,"column":8},"end":{"line":48,"column":44}},"13":{"start":{"line":49,"column":8},"end":{"line":49,"column":88}},"14":{"start":{"line":51,"column":8},"end":{"line":51,"column":87}},"15":{"start":{"line":52,"column":8},"end":{"line":52,"column":24}},"16":{"start":{"line":53,"column":8},"end":{"line":53,"column":75}},"17":{"start":{"line":55,"column":8},"end":{"line":55,"column":16}},"18":{"start":{"line":62,"column":12},"end":{"line":62,"column":33}},"19":{"start":{"line":69,"column":12},"end":{"line":69,"column":33}}},"branchMap":{"1":{"line":26,"type":"if","locations":[{"start":{"line":26,"column":8},"end":{"line":26,"column":8}},{"start":{"line":26,"column":8},"end":{"line":26,"column":8}}]},"2":{"line":28,"type":"if","locations":[{"start":{"line":28,"column":8},"end":{"line":28,"column":8}},{"start":{"line":28,"column":8},"end":{"line":28,"column":8}}]},"3":{"line":30,"type":"if","locations":[{"start":{"line":30,"column":8},"end":{"line":30,"column":8}},{"start":{"line":30,"column":8},"end":{"line":30,"column":8}}]},"4":{"line":34,"type":"if","locations":[{"start":{"line":34,"column":8},"end":{"line":34,"column":8}},{"start":{"line":34,"column":8},"end":{"line":34,"column":8}}]},"5":{"line":44,"type":"if","locations":[{"start":{"line":44,"column":8},"end":{"line":44,"column":8}},{"start":{"line":44,"column":8},"end":{"line":44,"column":8}}]},"6":{"line":47,"type":"if","locations":[{"start":{"line":47,"column":8},"end":{"line":47,"column":8}},{"start":{"line":47,"column":8},"end":{"line":47,"column":8}}]},"7":{"line":49,"type":"if","locations":[{"start":{"line":49,"column":8},"end":{"line":49,"column":8}},{"start":{"line":49,"column":8},"end":{"line":49,"column":8}}]},"8":{"line":51,"type":"if","locations":[{"start":{"line":51,"column":8},"end":{"line":51,"column":8}},{"start":{"line":51,"column":8},"end":{"line":51,"column":8}}]},"9":{"line":53,"type":"if","locations":[{"start":{"line":53,"column":8},"end":{"line":53,"column":8}},{"start":{"line":53,"column":8},"end":{"line":53,"column":8}}]}}},
"contracts/Core/Utils.sol":{"l":{"21":572,"32":1386,"33":1386,"35":1386,"47":448,"48":448,"60":0,"61":0,"62":0,"63":0,"64":0,"65":0,"66":0,"67":0,"68":0,"69":0,"70":0,"71":0,"72":0,"73":0,"74":0,"75":0,"76":0,"87":10,"89":10,"90":2,"92":2,"94":0,"96":2,"98":2,"100":2,"102":0,"105":10,"120":1812,"121":1811,"122":93},"path":"/Users/johannes/Documents/dev/actus-protocol/ap-monorepo/packages/actus-solidity/contracts/Core/Utils.sol","s":{"1":572,"2":1386,"3":1386,"4":1386,"5":448,"6":448,"7":0,"8":0,"9":0,"10":0,"11":0,"12":0,"13":0,"14":0,"15":0,"16":0,"17":0,"18":0,"19":0,"20":0,"21":0,"22":0,"23":0,"24":0,"25":0,"26":0,"27":0,"28":0,"29":0,"30":0,"31":0,"32":0,"33":0,"34":0,"35":0,"36":0,"37":0,"38":0,"39":0,"40":10,"41":10,"42":2,"43":8,"44":2,"45":6,"46":0,"47":6,"48":2,"49":4,"50":2,"51":2,"52":2,"53":0,"54":10,"55":1812,"56":1,"57":1811,"58":1718,"59":93},"b":{"1":[0,0],"2":[0,0],"3":[0,0],"4":[0,0],"5":[0,0],"6":[0,0],"7":[0,0],"8":[0,0],"9":[0,0],"10":[0,0],"11":[0,0],"12":[0,0],"13":[0,0],"14":[0,0],"15":[0,0],"16":[0,0],"17":[2,8],"18":[2,6],"19":[0,6],"20":[2,4],"21":[2,2],"22":[2,0],"23":[1,1811],"24":[1718,93]},"f":{"1":572,"2":1386,"3":448,"4":0,"5":10,"6":1812},"fnMap":{"1":{"name":"encodeEvent","line":16,"loc":{"start":{"line":16,"column":4},"end":{"line":20,"column":5}}},"2":{"name":"decodeEvent","line":27,"loc":{"start":{"line":27,"column":4},"end":{"line":31,"column":5}}},"3":{"name":"computeEventTimeForEvent","line":42,"loc":{"start":{"line":42,"column":4},"end":{"line":46,"column":5}}},"4":{"name":"getEpochOffset","line":55,"loc":{"start":{"line":55,"column":4},"end":{"line":59,"column":5}}},"5":{"name":"getTimestampPlusPeriod","line":82,"loc":{"start":{"line":82,"column":4},"end":{"line":86,"column":5}}},"6":{"name":"isInSegment","line":111,"loc":{"start":{"line":111,"column":4},"end":{"line":119,"column":5}}}},"statementMap":{"1":{"start":{"line":21,"column":8},"end":{"line":21,"column":494}},"2":{"start":{"line":32,"column":8},"end":{"line":32,"column":70}},"3":{"start":{"line":33,"column":8},"end":{"line":33,"column":63}},"4":{"start":{"line":35,"column":8},"end":{"line":35,"column":40}},"5":{"start":{"line":47,"column":8},"end":{"line":47,"column":54}},"6":{"start":{"line":48,"column":8},"end":{"line":48,"column":88}},"7":{"start":{"line":60,"column":8},"end":{"line":60,"column":49}},"8":{"start":{"line":60,"column":40},"end":{"line":60,"column":49}},"9":{"start":{"line":61,"column":8},"end":{"line":61,"column":48}},"10":{"start":{"line":61,"column":39},"end":{"line":61,"column":48}},"11":{"start":{"line":62,"column":8},"end":{"line":62,"column":48}},"12":{"start":{"line":62,"column":39},"end":{"line":62,"column":48}},"13":{"start":{"line":63,"column":8},"end":{"line":63,"column":50}},"14":{"start":{"line":63,"column":41},"end":{"line":63,"column":50}},"15":{"start":{"line":64,"column":8},"end":{"line":64,"column":48}},"16":{"start":{"line":64,"column":39},"end":{"line":64,"column":48}},"17":{"start":{"line":65,"column":8},"end":{"line":65,"column":48}},"18":{"start":{"line":65,"column":39},"end":{"line":65,"column":48}},"19":{"start":{"line":66,"column":8},"end":{"line":66,"column":48}},"20":{"start":{"line":66,"column":39},"end":{"line":66,"column":48}},"21":{"start":{"line":67,"column":8},"end":{"line":67,"column":49}},"22":{"start":{"line":67,"column":40},"end":{"line":67,"column":49}},"23":{"start":{"line":68,"column":8},"end":{"line":68,"column":49}},"24":{"start":{"line":68,"column":39},"end":{"line":68,"column":49}},"25":{"start":{"line":69,"column":8},"end":{"line":69,"column":49}},"26":{"start":{"line":69,"column":39},"end":{"line":69,"column":49}},"27":{"start":{"line":70,"column":8},"end":{"line":70,"column":51}},"28":{"start":{"line":70,"column":41},"end":{"line":70,"column":51}},"29":{"start":{"line":71,"column":8},"end":{"line":71,"column":50}},"30":{"start":{"line":71,"column":40},"end":{"line":71,"column":50}},"31":{"start":{"line":72,"column":8},"end":{"line":72,"column":49}},"32":{"start":{"line":72,"column":39},"end":{"line":72,"column":49}},"33":{"start":{"line":73,"column":8},"end":{"line":73,"column":50}},"34":{"start":{"line":73,"column":40},"end":{"line":73,"column":50}},"35":{"start":{"line":74,"column":8},"end":{"line":74,"column":49}},"36":{"start":{"line":74,"column":39},"end":{"line":74,"column":49}},"37":{"start":{"line":75,"column":8},"end":{"line":75,"column":49}},"38":{"start":{"line":75,"column":39},"end":{"line":75,"column":49}},"39":{"start":{"line":76,"column":8},"end":{"line":76,"column":16}},"40":{"start":{"line":87,"column":8},"end":{"line":87,"column":28}},"41":{"start":{"line":89,"column":8},"end":{"line":89,"column":2713}},"42":{"start":{"line":90,"column":12},"end":{"line":90,"column":82}},"43":{"start":{"line":91,"column":15},"end":{"line":91,"column":2836}},"44":{"start":{"line":92,"column":12},"end":{"line":92,"column":86}},"45":{"start":{"line":93,"column":15},"end":{"line":93,"column":2963}},"46":{"start":{"line":94,"column":12},"end":{"line":94,"column":84}},"47":{"start":{"line":95,"column":15},"end":{"line":95,"column":3088}},"48":{"start":{"line":96,"column":12},"end":{"line":96,"column":88}},"49":{"start":{"line":97,"column":15},"end":{"line":97,"column":3217}},"50":{"start":{"line":98,"column":12},"end":{"line":98,"column":88}},"51":{"start":{"line":99,"column":15},"end":{"line":99,"column":3346}},"52":{"start":{"line":100,"column":12},"end":{"line":100,"column":83}},"53":{"start":{"line":102,"column":12},"end":{"line":102,"column":69}},"54":{"start":{"line":105,"column":8},"end":{"line":105,"column":27}},"55":{"start":{"line":120,"column":8},"end":{"line":120,"column":55}},"56":{"start":{"line":120,"column":43},"end":{"line":120,"column":55}},"57":{"start":{"line":121,"column":8},"end":{"line":121,"column":81}},"58":{"start":{"line":121,"column":70},"end":{"line":121,"column":81}},"59":{"start":{"line":122,"column":8},"end":{"line":122,"column":20}}},"branchMap":{"1":{"line":60,"type":"if","locations":[{"start":{"line":60,"column":8},"end":{"line":60,"column":8}},{"start":{"line":60,"column":8},"end":{"line":60,"column":8}}]},"2":{"line":61,"type":"if","locations":[{"start":{"line":61,"column":8},"end":{"line":61,"column":8}},{"start":{"line":61,"column":8},"end":{"line":61,"column":8}}]},"3":{"line":62,"type":"if","locations":[{"start":{"line":62,"column":8},"end":{"line":62,"column":8}},{"start":{"line":62,"column":8},"end":{"line":62,"column":8}}]},"4":{"line":63,"type":"if","locations":[{"start":{"line":63,"column":8},"end":{"line":63,"column":8}},{"start":{"line":63,"column":8},"end":{"line":63,"column":8}}]},"5":{"line":64,"type":"if","locations":[{"start":{"line":64,"column":8},"end":{"line":64,"column":8}},{"start":{"line":64,"column":8},"end":{"line":64,"column":8}}]},"6":{"line":65,"type":"if","locations":[{"start":{"line":65,"column":8},"end":{"line":65,"column":8}},{"start":{"line":65,"column":8},"end":{"line":65,"column":8}}]},"7":{"line":66,"type":"if","locations":[{"start":{"line":66,"column":8},"end":{"line":66,"column":8}},{"start":{"line":66,"column":8},"end":{"line":66,"column":8}}]},"8":{"line":67,"type":"if","locations":[{"start":{"line":67,"column":8},"end":{"line":67,"column":8}},{"start":{"line":67,"column":8},"end":{"line":67,"column":8}}]},"9":{"line":68,"type":"if","locations":[{"start":{"line":68,"column":8},"end":{"line":68,"column":8}},{"start":{"line":68,"column":8},"end":{"line":68,"column":8}}]},"10":{"line":69,"type":"if","locations":[{"start":{"line":69,"column":8},"end":{"line":69,"column":8}},{"start":{"line":69,"column":8},"end":{"line":69,"column":8}}]},"11":{"line":70,"type":"if","locations":[{"start":{"line":70,"column":8},"end":{"line":70,"column":8}},{"start":{"line":70,"column":8},"end":{"line":70,"column":8}}]},"12":{"line":71,"type":"if","locations":[{"start":{"line":71,"column":8},"end":{"line":71,"column":8}},{"start":{"line":71,"column":8},"end":{"line":71,"column":8}}]},"13":{"line":72,"type":"if","locations":[{"start":{"line":72,"column":8},"end":{"line":72,"column":8}},{"start":{"line":72,"column":8},"end":{"line":72,"column":8}}]},"14":{"line":73,"type":"if","locations":[{"start":{"line":73,"column":8},"end":{"line":73,"column":8}},{"start":{"line":73,"column":8},"end":{"line":73,"column":8}}]},"15":{"line":74,"type":"if","locations":[{"start":{"line":74,"column":8},"end":{"line":74,"column":8}},{"start":{"line":74,"column":8},"end":{"line":74,"column":8}}]},"16":{"line":75,"type":"if","locations":[{"start":{"line":75,"column":8},"end":{"line":75,"column":8}},{"start":{"line":75,"column":8},"end":{"line":75,"column":8}}]},"17":{"line":89,"type":"if","locations":[{"start":{"line":89,"column":8},"end":{"line":89,"column":8}},{"start":{"line":89,"column":8},"end":{"line":89,"column":8}}]},"18":{"line":91,"type":"if","locations":[{"start":{"line":91,"column":15},"end":{"line":91,"column":15}},{"start":{"line":91,"column":15},"end":{"line":91,"column":15}}]},"19":{"line":93,"type":"if","locations":[{"start":{"line":93,"column":15},"end":{"line":93,"column":15}},{"start":{"line":93,"column":15},"end":{"line":93,"column":15}}]},"20":{"line":95,"type":"if","locations":[{"start":{"line":95,"column":15},"end":{"line":95,"column":15}},{"start":{"line":95,"column":15},"end":{"line":95,"column":15}}]},"21":{"line":97,"type":"if","locations":[{"start":{"line":97,"column":15},"end":{"line":97,"column":15}},{"start":{"line":97,"column":15},"end":{"line":97,"column":15}}]},"22":{"line":99,"type":"if","locations":[{"start":{"line":99,"column":15},"end":{"line":99,"column":15}},{"start":{"line":99,"column":15},"end":{"line":99,"column":15}}]},"23":{"line":120,"type":"if","locations":[{"start":{"line":120,"column":8},"end":{"line":120,"column":8}},{"start":{"line":120,"column":8},"end":{"line":120,"column":8}}]},"24":{"line":121,"type":"if","locations":[{"start":{"line":121,"column":8},"end":{"line":121,"column":8}},{"start":{"line":121,"column":8},"end":{"line":121,"column":8}}]}}},
"contracts/Engines/ANNEngine.sol":{"l":{"30":11,"32":11,"33":11,"34":11,"35":11,"36":11,"37":11,"38":11,"39":11,"40":11,"42":11,"44":11,"66":13,"67":13,"70":13,"71":11,"72":11,"76":13,"77":0,"78":0,"79":0,"84":13,"85":11,"86":11,"89":13,"112":60,"114":60,"115":12,"119":12,"123":12,"131":12,"132":119,"133":107,"134":107,"135":107,"136":107,"141":60,"142":12,"145":12,"151":0,"152":0,"154":0,"162":0,"163":0,"164":0,"165":0,"166":0,"171":60,"172":12,"175":12,"176":0,"184":0,"185":0,"186":0,"187":0,"188":0,"193":60,"194":12,"197":12,"205":12,"206":109,"207":97,"208":97,"209":97,"213":60,"238":0,"263":175,"268":175,"269":175,"270":175,"271":166,"272":166,"273":83,"275":83,"276":8,"277":0,"278":0,"279":0,"280":0,"281":0,"282":0,"284":0,"309":149,"320":149,"321":149,"322":149,"323":149,"324":149,"325":149,"326":149,"327":149,"328":142,"329":71,"331":71,"332":7,"333":0,"334":0,"336":0},"path":"/Users/johannes/Documents/dev/actus-protocol/ap-monorepo/packages/actus-solidity/contracts/Engines/ANNEngine.sol","s":{"1":11,"2":11,"3":11,"4":11,"5":11,"6":11,"7":11,"8":11,"9":11,"10":11,"11":11,"12":11,"13":13,"14":13,"15":13,"16":11,"17":13,"18":0,"19":0,"20":13,"21":11,"22":13,"23":60,"24":60,"25":12,"26":12,"27":12,"28":12,"29":119,"30":107,"31":107,"32":107,"33":60,"34":12,"35":12,"36":0,"37":0,"38":0,"39":0,"40":0,"41":0,"42":0,"43":60,"44":12,"45":12,"46":0,"47":0,"48":0,"49":0,"50":0,"51":60,"52":12,"53":12,"54":12,"55":109,"56":97,"57":97,"58":60,"59":0,"60":175,"61":175,"62":0,"63":175,"64":0,"65":175,"66":9,"67":166,"68":0,"69":166,"70":83,"71":83,"72":0,"73":83,"74":75,"75":8,"76":8,"77":0,"78":0,"79":0,"80":0,"81":0,"82":0,"83":0,"84":0,"85":0,"86":0,"87":0,"88":0,"89":0,"90":149,"91":149,"92":0,"93":149,"94":0,"95":149,"96":0,"97":149,"98":0,"99":149,"100":0,"101":149,"102":0,"103":149,"104":0,"105":149,"106":7,"107":142,"108":71,"109":71,"110":0,"111":71,"112":64,"113":7,"114":7,"115":0,"116":0,"117":0,"118":0,"119":0},"b":{"1":[11,2],"2":[0,13],"3":[0,0],"4":[11,2],"5":[12,48],"6":[12,0],"7":[12,107],"8":[0,107],"9":[0,107],"10":[12,48],"11":[0,12],"12":[0,0],"13":[0,0],"14":[12,48],"15":[0,12],"16":[0,0],"17":[0,0],"18":[12,48],"19":[12,97],"20":[0,97],"21":[0,175],"22":[0,175],"23":[9,166],"24":[0,166],"25":[83,83],"26":[0,83],"27":[75,8],"28":[8,0],"29":[0,0],"30":[0,0],"31":[0,0],"32":[0,0],"33":[0,0],"34":[0,0],"35":[0,149],"36":[0,149],"37":[0,149],"38":[0,149],"39":[0,149],"40":[0,149],"41":[0,149],"42":[7,142],"43":[71,71],"44":[0,71],"45":[64,7],"46":[7,0],"47":[0,0],"48":[0,0]},"f":{"1":11,"2":13,"3":60,"4":0,"5":175,"6":149},"fnMap":{"1":{"name":"computeInitialState","line":24,"loc":{"start":{"line":24,"column":4},"end":{"line":29,"column":5}}},"2":{"name":"computeNonCyclicScheduleSegment","line":56,"loc":{"start":{"line":56,"column":4},"end":{"line":65,"column":5}}},"3":{"name":"computeCyclicScheduleSegment","line":101,"loc":{"start":{"line":101,"column":4},"end":{"line":111,"column":5}}},"4":{"name":"isEventScheduled","line":226,"loc":{"start":{"line":226,"column":4},"end":{"line":237,"column":5}}},"5":{"name":"stateTransitionFunction","line":252,"loc":{"start":{"line":252,"column":4},"end":{"line":262,"column":5}}},"6":{"name":"payoffFunction","line":298,"loc":{"start":{"line":298,"column":4},"end":{"line":308,"column":5}}}},"statementMap":{"1":{"start":{"line":30,"column":8},"end":{"line":30,"column":26}},"2":{"start":{"line":32,"column":8},"end":{"line":32,"column":57}},"3":{"start":{"line":33,"column":8},"end":{"line":33,"column":68}},"4":{"start":{"line":34,"column":8},"end":{"line":34,"column":68}},"5":{"start":{"line":35,"column":8},"end":{"line":35,"column":42}},"6":{"start":{"line":36,"column":8},"end":{"line":36,"column":46}},"7":{"start":{"line":37,"column":8},"end":{"line":37,"column":87}},"8":{"start":{"line":38,"column":8},"end":{"line":38,"column":60}},"9":{"start":{"line":39,"column":8},"end":{"line":39,"column":83}},"10":{"start":{"line":40,"column":8},"end":{"line":40,"column":42}},"11":{"start":{"line":42,"column":8},"end":{"line":42,"column":113}},"12":{"start":{"line":44,"column":8},"end":{"line":44,"column":20}},"13":{"start":{"line":66,"column":8},"end":{"line":66,"column":62}},"14":{"start":{"line":67,"column":8},"end":{"line":67,"column":24}},"15":{"start":{"line":70,"column":8},"end":{"line":70,"column":2426}},"16":{"start":{"line":71,"column":12},"end":{"line":71,"column":88}},"17":{"start":{"line":76,"column":8},"end":{"line":76,"column":2649}},"18":{"start":{"line":77,"column":12},"end":{"line":77,"column":2696}},"19":{"start":{"line":78,"column":16},"end":{"line":78,"column":85}},"20":{"start":{"line":84,"column":8},"end":{"line":84,"column":2947}},"21":{"start":{"line":85,"column":12},"end":{"line":85,"column":80}},"22":{"start":{"line":89,"column":8},"end":{"line":89,"column":29}},"23":{"start":{"line":112,"column":8},"end":{"line":112,"column":62}},"24":{"start":{"line":114,"column":8},"end":{"line":114,"column":3929}},"25":{"start":{"line":115,"column":12},"end":{"line":115,"column":29}},"26":{"start":{"line":119,"column":12},"end":{"line":119,"column":4164}},"27":{"start":{"line":123,"column":16},"end":{"line":123,"column":4328}},"28":{"start":{"line":131,"column":16},"end":{"line":131,"column":4690}},"29":{"start":{"line":132,"column":20},"end":{"line":132,"column":62}},"30":{"start":{"line":133,"column":20},"end":{"line":133,"column":91}},"31":{"start":{"line":134,"column":20},"end":{"line":134,"column":108}},"32":{"start":{"line":135,"column":20},"end":{"line":135,"column":96}},"33":{"start":{"line":141,"column":8},"end":{"line":141,"column":5173}},"34":{"start":{"line":142,"column":12},"end":{"line":142,"column":29}},"35":{"start":{"line":145,"column":12},"end":{"line":145,"column":5276}},"36":{"start":{"line":151,"column":16},"end":{"line":151,"column":87}},"37":{"start":{"line":152,"column":16},"end":{"line":152,"column":56}},"38":{"start":{"line":154,"column":16},"end":{"line":154,"column":5733}},"39":{"start":{"line":162,"column":16},"end":{"line":162,"column":6105}},"40":{"start":{"line":163,"column":20},"end":{"line":163,"column":62}},"41":{"start":{"line":164,"column":20},"end":{"line":164,"column":108}},"42":{"start":{"line":165,"column":20},"end":{"line":165,"column":98}},"43":{"start":{"line":171,"column":8},"end":{"line":171,"column":6497}},"44":{"start":{"line":172,"column":12},"end":{"line":172,"column":29}},"45":{"start":{"line":175,"column":12},"end":{"line":175,"column":6598}},"46":{"start":{"line":176,"column":16},"end":{"line":176,"column":6692}},"47":{"start":{"line":184,"column":16},"end":{"line":184,"column":7018}},"48":{"start":{"line":185,"column":20},"end":{"line":185,"column":50}},"49":{"start":{"line":186,"column":20},"end":{"line":186,"column":96}},"50":{"start":{"line":187,"column":20},"end":{"line":187,"column":84}},"51":{"start":{"line":193,"column":8},"end":{"line":193,"column":7372}},"52":{"start":{"line":194,"column":12},"end":{"line":194,"column":29}},"53":{"start":{"line":197,"column":12},"end":{"line":197,"column":7490}},"54":{"start":{"line":205,"column":12},"end":{"line":205,"column":7833}},"55":{"start":{"line":206,"column":16},"end":{"line":206,"column":62}},"56":{"start":{"line":207,"column":16},"end":{"line":207,"column":108}},"57":{"start":{"line":208,"column":16},"end":{"line":208,"column":96}},"58":{"start":{"line":213,"column":8},"end":{"line":213,"column":29}},"59":{"start":{"line":238,"column":8},"end":{"line":238,"column":19}},"60":{"start":{"line":263,"column":8},"end":{"line":263,"column":73}},"61":{"start":{"line":268,"column":8},"end":{"line":268,"column":98}},"62":{"start":{"line":268,"column":39},"end":{"line":268,"column":98}},"63":{"start":{"line":269,"column":8},"end":{"line":269,"column":98}},"64":{"start":{"line":269,"column":39},"end":{"line":269,"column":98}},"65":{"start":{"line":270,"column":8},"end":{"line":270,"column":100}},"66":{"start":{"line":270,"column":40},"end":{"line":270,"column":100}},"67":{"start":{"line":271,"column":8},"end":{"line":271,"column":102}},"68":{"start":{"line":271,"column":41},"end":{"line":271,"column":102}},"69":{"start":{"line":272,"column":8},"end":{"line":272,"column":98}},"70":{"start":{"line":272,"column":39},"end":{"line":272,"column":98}},"71":{"start":{"line":273,"column":8},"end":{"line":273,"column":98}},"72":{"start":{"line":273,"column":39},"end":{"line":273,"column":98}},"73":{"start":{"line":275,"column":8},"end":{"line":275,"column":98}},"74":{"start":{"line":275,"column":39},"end":{"line":275,"column":98}},"75":{"start":{"line":276,"column":8},"end":{"line":276,"column":98}},"76":{"start":{"line":276,"column":39},"end":{"line":276,"column":98}},"77":{"start":{"line":277,"column":8},"end":{"line":277,"column":98}},"78":{"start":{"line":277,"column":39},"end":{"line":277,"column":98}},"79":{"start":{"line":278,"column":8},"end":{"line":278,"column":100}},"80":{"start":{"line":278,"column":40},"end":{"line":278,"column":100}},"81":{"start":{"line":279,"column":8},"end":{"line":279,"column":98}},"82":{"start":{"line":279,"column":39},"end":{"line":279,"column":98}},"83":{"start":{"line":280,"column":8},"end":{"line":280,"column":98}},"84":{"start":{"line":280,"column":39},"end":{"line":280,"column":98}},"85":{"start":{"line":281,"column":8},"end":{"line":281,"column":98}},"86":{"start":{"line":281,"column":39},"end":{"line":281,"column":98}},"87":{"start":{"line":282,"column":8},"end":{"line":282,"column":98}},"88":{"start":{"line":282,"column":39},"end":{"line":282,"column":98}},"89":{"start":{"line":284,"column":8},"end":{"line":284,"column":71}},"90":{"start":{"line":309,"column":8},"end":{"line":309,"column":73}},"91":{"start":{"line":320,"column":8},"end":{"line":320,"column":47}},"92":{"start":{"line":320,"column":39},"end":{"line":320,"column":47}},"93":{"start":{"line":321,"column":8},"end":{"line":321,"column":49}},"94":{"start":{"line":321,"column":41},"end":{"line":321,"column":49}},"95":{"start":{"line":322,"column":8},"end":{"line":322,"column":48}},"96":{"start":{"line":322,"column":40},"end":{"line":322,"column":48}},"97":{"start":{"line":323,"column":8},"end":{"line":323,"column":47}},"98":{"start":{"line":323,"column":39},"end":{"line":323,"column":47}},"99":{"start":{"line":324,"column":8},"end":{"line":324,"column":47}},"100":{"start":{"line":324,"column":39},"end":{"line":324,"column":47}},"101":{"start":{"line":325,"column":8},"end":{"line":325,"column":47}},"102":{"start":{"line":325,"column":39},"end":{"line":325,"column":47}},"103":{"start":{"line":326,"column":8},"end":{"line":326,"column":98}},"104":{"start":{"line":326,"column":39},"end":{"line":326,"column":98}},"105":{"start":{"line":327,"column":8},"end":{"line":327,"column":100}},"106":{"start":{"line":327,"column":40},"end":{"line":327,"column":100}},"107":{"start":{"line":328,"column":8},"end":{"line":328,"column":98}},"108":{"start":{"line":328,"column":39},"end":{"line":328,"column":98}},"109":{"start":{"line":329,"column":8},"end":{"line":329,"column":98}},"110":{"start":{"line":329,"column":39},"end":{"line":329,"column":98}},"111":{"start":{"line":331,"column":8},"end":{"line":331,"column":98}},"112":{"start":{"line":331,"column":39},"end":{"line":331,"column":98}},"113":{"start":{"line":332,"column":8},"end":{"line":332,"column":98}},"114":{"start":{"line":332,"column":39},"end":{"line":332,"column":98}},"115":{"start":{"line":333,"column":8},"end":{"line":333,"column":98}},"116":{"start":{"line":333,"column":39},"end":{"line":333,"column":98}},"117":{"start":{"line":334,"column":8},"end":{"line":334,"column":98}},"118":{"start":{"line":334,"column":39},"end":{"line":334,"column":98}},"119":{"start":{"line":336,"column":8},"end":{"line":336,"column":62}}},"branchMap":{"1":{"line":70,"type":"if","locations":[{"start":{"line":70,"column":8},"end":{"line":70,"column":8}},{"start":{"line":70,"column":8},"end":{"line":70,"column":8}}]},"2":{"line":76,"type":"if","locations":[{"start":{"line":76,"column":8},"end":{"line":76,"column":8}},{"start":{"line":76,"column":8},"end":{"line":76,"column":8}}]},"3":{"line":77,"type":"if","locations":[{"start":{"line":77,"column":12},"end":{"line":77,"column":12}},{"start":{"line":77,"column":12},"end":{"line":77,"column":12}}]},"4":{"line":84,"type":"if","locations":[{"start":{"line":84,"column":8},"end":{"line":84,"column":8}},{"start":{"line":84,"column":8},"end":{"line":84,"column":8}}]},"5":{"line":114,"type":"if","locations":[{"start":{"line":114,"column":8},"end":{"line":114,"column":8}},{"start":{"line":114,"column":8},"end":{"line":114,"column":8}}]},"6":{"line":119,"type":"if","locations":[{"start":{"line":119,"column":12},"end":{"line":119,"column":12}},{"start":{"line":119,"column":12},"end":{"line":119,"column":12}}]},"7":{"line":132,"type":"if","locations":[{"start":{"line":132,"column":20},"end":{"line":132,"column":20}},{"start":{"line":132,"column":20},"end":{"line":132,"column":20}}]},"8":{"line":133,"type":"if","locations":[{"start":{"line":133,"column":20},"end":{"line":133,"column":20}},{"start":{"line":133,"column":20},"end":{"line":133,"column":20}}]},"9":{"line":134,"type":"if","locations":[{"start":{"line":134,"column":20},"end":{"line":134,"column":20}},{"start":{"line":134,"column":20},"end":{"line":134,"column":20}}]},"10":{"line":141,"type":"if","locations":[{"start":{"line":141,"column":8},"end":{"line":141,"column":8}},{"start":{"line":141,"column":8},"end":{"line":141,"column":8}}]},"11":{"line":145,"type":"if","locations":[{"start":{"line":145,"column":12},"end":{"line":145,"column":12}},{"start":{"line":145,"column":12},"end":{"line":145,"column":12}}]},"12":{"line":163,"type":"if","locations":[{"start":{"line":163,"column":20},"end":{"line":163,"column":20}},{"start":{"line":163,"column":20},"end":{"line":163,"column":20}}]},"13":{"line":164,"type":"if","locations":[{"start":{"line":164,"column":20},"end":{"line":164,"column":20}},{"start":{"line":164,"column":20},"end":{"line":164,"column":20}}]},"14":{"line":171,"type":"if","locations":[{"start":{"line":171,"column":8},"end":{"line":171,"column":8}},{"start":{"line":171,"column":8},"end":{"line":171,"column":8}}]},"15":{"line":175,"type":"if","locations":[{"start":{"line":175,"column":12},"end":{"line":175,"column":12}},{"start":{"line":175,"column":12},"end":{"line":175,"column":12}}]},"16":{"line":185,"type":"if","locations":[{"start":{"line":185,"column":20},"end":{"line":185,"column":20}},{"start":{"line":185,"column":20},"end":{"line":185,"column":20}}]},"17":{"line":186,"type":"if","locations":[{"start":{"line":186,"column":20},"end":{"line":186,"column":20}},{"start":{"line":186,"column":20},"end":{"line":186,"column":20}}]},"18":{"line":193,"type":"if","locations":[{"start":{"line":193,"column":8},"end":{"line":193,"column":8}},{"start":{"line":193,"column":8},"end":{"line":193,"column":8}}]},"19":{"line":206,"type":"if","locations":[{"start":{"line":206,"column":16},"end":{"line":206,"column":16}},{"start":{"line":206,"column":16},"end":{"line":206,"column":16}}]},"20":{"line":207,"type":"if","locations":[{"start":{"line":207,"column":16},"end":{"line":207,"column":16}},{"start":{"line":207,"column":16},"end":{"line":207,"column":16}}]},"21":{"line":268,"type":"if","locations":[{"start":{"line":268,"column":8},"end":{"line":268,"column":8}},{"start":{"line":268,"column":8},"end":{"line":268,"column":8}}]},"22":{"line":269,"type":"if","locations":[{"start":{"line":269,"column":8},"end":{"line":269,"column":8}},{"start":{"line":269,"column":8},"end":{"line":269,"column":8}}]},"23":{"line":270,"type":"if","locations":[{"start":{"line":270,"column":8},"end":{"line":270,"column":8}},{"start":{"line":270,"column":8},"end":{"line":270,"column":8}}]},"24":{"line":271,"type":"if","locations":[{"start":{"line":271,"column":8},"end":{"line":271,"column":8}},{"start":{"line":271,"column":8},"end":{"line":271,"column":8}}]},"25":{"line":272,"type":"if","locations":[{"start":{"line":272,"column":8},"end":{"line":272,"column":8}},{"start":{"line":272,"column":8},"end":{"line":272,"column":8}}]},"26":{"line":273,"type":"if","locations":[{"start":{"line":273,"column":8},"end":{"line":273,"column":8}},{"start":{"line":273,"column":8},"end":{"line":273,"column":8}}]},"27":{"line":275,"type":"if","locations":[{"start":{"line":275,"column":8},"end":{"line":275,"column":8}},{"start":{"line":275,"column":8},"end":{"line":275,"column":8}}]},"28":{"line":276,"type":"if","locations":[{"start":{"line":276,"column":8},"end":{"line":276,"column":8}},{"start":{"line":276,"column":8},"end":{"line":276,"column":8}}]},"29":{"line":277,"type":"if","locations":[{"start":{"line":277,"column":8},"end":{"line":277,"column":8}},{"start":{"line":277,"column":8},"end":{"line":277,"column":8}}]},"30":{"line":278,"type":"if","locations":[{"start":{"line":278,"column":8},"end":{"line":278,"column":8}},{"start":{"line":278,"column":8},"end":{"line":278,"column":8}}]},"31":{"line":279,"type":"if","locations":[{"start":{"line":279,"column":8},"end":{"line":279,"column":8}},{"start":{"line":279,"column":8},"end":{"line":279,"column":8}}]},"32":{"line":280,"type":"if","locations":[{"start":{"line":280,"column":8},"end":{"line":280,"column":8}},{"start":{"line":280,"column":8},"end":{"line":280,"column":8}}]},"33":{"line":281,"type":"if","locations":[{"start":{"line":281,"column":8},"end":{"line":281,"column":8}},{"start":{"line":281,"column":8},"end":{"line":281,"column":8}}]},"34":{"line":282,"type":"if","locations":[{"start":{"line":282,"column":8},"end":{"line":282,"column":8}},{"start":{"line":282,"column":8},"end":{"line":282,"column":8}}]},"35":{"line":320,"type":"if","locations":[{"start":{"line":320,"column":8},"end":{"line":320,"column":8}},{"start":{"line":320,"column":8},"end":{"line":320,"column":8}}]},"36":{"line":321,"type":"if","locations":[{"start":{"line":321,"column":8},"end":{"line":321,"column":8}},{"start":{"line":321,"column":8},"end":{"line":321,"column":8}}]},"37":{"line":322,"type":"if","locations":[{"start":{"line":322,"column":8},"end":{"line":322,"column":8}},{"start":{"line":322,"column":8},"end":{"line":322,"column":8}}]},"38":{"line":323,"type":"if","locations":[{"start":{"line":323,"column":8},"end":{"line":323,"column":8}},{"start":{"line":323,"column":8},"end":{"line":323,"column":8}}]},"39":{"line":324,"type":"if","locations":[{"start":{"line":324,"column":8},"end":{"line":324,"column":8}},{"start":{"line":324,"column":8},"end":{"line":324,"column":8}}]},"40":{"line":325,"type":"if","locations":[{"start":{"line":325,"column":8},"end":{"line":325,"column":8}},{"start":{"line":325,"column":8},"end":{"line":325,"column":8}}]},"41":{"line":326,"type":"if","locations":[{"start":{"line":326,"column":8},"end":{"line":326,"column":8}},{"start":{"line":326,"column":8},"end":{"line":326,"column":8}}]},"42":{"line":327,"type":"if","locations":[{"start":{"line":327,"column":8},"end":{"line":327,"column":8}},{"start":{"line":327,"column":8},"end":{"line":327,"column":8}}]},"43":{"line":328,"type":"if","locations":[{"start":{"line":328,"column":8},"end":{"line":328,"column":8}},{"start":{"line":328,"column":8},"end":{"line":328,"column":8}}]},"44":{"line":329,"type":"if","locations":[{"start":{"line":329,"column":8},"end":{"line":329,"column":8}},{"start":{"line":329,"column":8},"end":{"line":329,"column":8}}]},"45":{"line":331,"type":"if","locations":[{"start":{"line":331,"column":8},"end":{"line":331,"column":8}},{"start":{"line":331,"column":8},"end":{"line":331,"column":8}}]},"46":{"line":332,"type":"if","locations":[{"start":{"line":332,"column":8},"end":{"line":332,"column":8}},{"start":{"line":332,"column":8},"end":{"line":332,"column":8}}]},"47":{"line":333,"type":"if","locations":[{"start":{"line":333,"column":8},"end":{"line":333,"column":8}},{"start":{"line":333,"column":8},"end":{"line":333,"column":8}}]},"48":{"line":334,"type":"if","locations":[{"start":{"line":334,"column":8},"end":{"line":334,"column":8}},{"start":{"line":334,"column":8},"end":{"line":334,"column":8}}]}}},
"contracts/Engines/BaseEngine.sol":{"l":{"34":490,"62":448,"63":0,"71":448},"path":"/Users/johannes/Documents/dev/actus-protocol/ap-monorepo/packages/actus-solidity/contracts/Engines/BaseEngine.sol","s":{"1":490,"2":448,"3":0,"4":448},"b":{"1":[0,448]},"f":{"1":490,"2":448},"fnMap":{"1":{"name":"computeStateForEvent","line":23,"loc":{"start":{"line":23,"column":4},"end":{"line":33,"column":5}}},"2":{"name":"computePayoffForEvent","line":50,"loc":{"start":{"line":50,"column":4},"end":{"line":60,"column":5}}}},"statementMap":{"1":{"start":{"line":34,"column":8},"end":{"line":34,"column":1035}},"2":{"start":{"line":62,"column":8},"end":{"line":62,"column":1869}},"3":{"start":{"line":63,"column":12},"end":{"line":63,"column":2010}},"4":{"start":{"line":71,"column":8},"end":{"line":71,"column":2162}}},"branchMap":{"1":{"line":62,"type":"if","locations":[{"start":{"line":62,"column":8},"end":{"line":62,"column":8}},{"start":{"line":62,"column":8},"end":{"line":62,"column":8}}]}}},
"contracts/Engines/CECEngine.sol":{"l":{"30":0,"32":0,"33":0,"34":0,"35":0,"37":0,"58":0,"59":0,"62":0,"63":0,"64":0,"67":0,"90":0,"92":0,"117":0,"141":0,"143":0,"144":0,"145":0,"146":0,"148":0,"172":0,"174":0,"175":0,"176":0,"177":0,"179":0},"path":"/Users/johannes/Documents/dev/actus-protocol/ap-monorepo/packages/actus-solidity/contracts/Engines/CECEngine.sol","s":{"1":0,"2":0,"3":0,"4":0,"5":0,"6":0,"7":0,"8":0,"9":0,"10":0,"11":0,"12":0,"13":0,"14":0,"15":0,"16":0,"17":0,"18":0,"19":0,"20":0,"21":0,"22":0,"23":0,"24":0,"25":0,"26":0,"27":0,"28":0,"29":0,"30":0,"31":0,"32":0,"33":0,"34":0},"b":{"1":[0,0],"2":[0,0],"3":[0,0],"4":[0,0],"5":[0,0],"6":[0,0],"7":[0,0],"8":[0,0],"9":[0,0]},"f":{"1":0,"2":0,"3":0,"4":0,"5":0,"6":0},"fnMap":{"1":{"name":"computeInitialState","line":24,"loc":{"start":{"line":24,"column":4},"end":{"line":29,"column":5}}},"2":{"name":"computeNonCyclicScheduleSegment","line":48,"loc":{"start":{"line":48,"column":4},"end":{"line":57,"column":5}}},"3":{"name":"computeCyclicScheduleSegment","line":79,"loc":{"start":{"line":79,"column":4},"end":{"line":89,"column":5}}},"4":{"name":"isEventScheduled","line":105,"loc":{"start":{"line":105,"column":4},"end":{"line":116,"column":5}}},"5":{"name":"stateTransitionFunction","line":130,"loc":{"start":{"line":130,"column":4},"end":{"line":140,"column":5}}},"6":{"name":"payoffFunction","line":161,"loc":{"start":{"line":161,"column":4},"end":{"line":171,"column":5}}}},"statementMap":{"1":{"start":{"line":30,"column":8},"end":{"line":30,"column":26}},"2":{"start":{"line":32,"column":8},"end":{"line":32,"column":57}},"3":{"start":{"line":33,"column":8},"end":{"line":33,"column":42}},"4":{"start":{"line":34,"column":8},"end":{"line":34,"column":46}},"5":{"start":{"line":35,"column":8},"end":{"line":35,"column":87}},"6":{"start":{"line":37,"column":8},"end":{"line":37,"column":20}},"7":{"start":{"line":58,"column":8},"end":{"line":58,"column":62}},"8":{"start":{"line":59,"column":8},"end":{"line":59,"column":24}},"9":{"start":{"line":62,"column":8},"end":{"line":62,"column":1908}},"10":{"start":{"line":63,"column":12},"end":{"line":63,"column":80}},"11":{"start":{"line":67,"column":8},"end":{"line":67,"column":29}},"12":{"start":{"line":90,"column":8},"end":{"line":90,"column":62}},"13":{"start":{"line":92,"column":8},"end":{"line":92,"column":29}},"14":{"start":{"line":117,"column":8},"end":{"line":117,"column":19}},"15":{"start":{"line":141,"column":8},"end":{"line":141,"column":73}},"16":{"start":{"line":143,"column":8},"end":{"line":143,"column":98}},"17":{"start":{"line":143,"column":39},"end":{"line":143,"column":98}},"18":{"start":{"line":144,"column":8},"end":{"line":144,"column":98}},"19":{"start":{"line":144,"column":39},"end":{"line":144,"column":98}},"20":{"start":{"line":145,"column":8},"end":{"line":145,"column":100}},"21":{"start":{"line":145,"column":40},"end":{"line":145,"column":100}},"22":{"start":{"line":146,"column":8},"end":{"line":146,"column":98}},"23":{"start":{"line":146,"column":39},"end":{"line":146,"column":98}},"24":{"start":{"line":148,"column":8},"end":{"line":148,"column":71}},"25":{"start":{"line":172,"column":8},"end":{"line":172,"column":73}},"26":{"start":{"line":174,"column":8},"end":{"line":174,"column":47}},"27":{"start":{"line":174,"column":39},"end":{"line":174,"column":47}},"28":{"start":{"line":175,"column":8},"end":{"line":175,"column":47}},"29":{"start":{"line":175,"column":39},"end":{"line":175,"column":47}},"30":{"start":{"line":176,"column":8},"end":{"line":176,"column":100}},"31":{"start":{"line":176,"column":40},"end":{"line":176,"column":100}},"32":{"start":{"line":177,"column":8},"end":{"line":177,"column":47}},"33":{"start":{"line":177,"column":39},"end":{"line":177,"column":47}},"34":{"start":{"line":179,"column":8},"end":{"line":179,"column":62}}},"branchMap":{"1":{"line":62,"type":"if","locations":[{"start":{"line":62,"column":8},"end":{"line":62,"column":8}},{"start":{"line":62,"column":8},"end":{"line":62,"column":8}}]},"2":{"line":143,"type":"if","locations":[{"start":{"line":143,"column":8},"end":{"line":143,"column":8}},{"start":{"line":143,"column":8},"end":{"line":143,"column":8}}]},"3":{"line":144,"type":"if","locations":[{"start":{"line":144,"column":8},"end":{"line":144,"column":8}},{"start":{"line":144,"column":8},"end":{"line":144,"column":8}}]},"4":{"line":145,"type":"if","locations":[{"start":{"line":145,"column":8},"end":{"line":145,"column":8}},{"start":{"line":145,"column":8},"end":{"line":145,"column":8}}]},"5":{"line":146,"type":"if","locations":[{"start":{"line":146,"column":8},"end":{"line":146,"column":8}},{"start":{"line":146,"column":8},"end":{"line":146,"column":8}}]},"6":{"line":174,"type":"if","locations":[{"start":{"line":174,"column":8},"end":{"line":174,"column":8}},{"start":{"line":174,"column":8},"end":{"line":174,"column":8}}]},"7":{"line":175,"type":"if","locations":[{"start":{"line":175,"column":8},"end":{"line":175,"column":8}},{"start":{"line":175,"column":8},"end":{"line":175,"column":8}}]},"8":{"line":176,"type":"if","locations":[{"start":{"line":176,"column":8},"end":{"line":176,"column":8}},{"start":{"line":176,"column":8},"end":{"line":176,"column":8}}]},"9":{"line":177,"type":"if","locations":[{"start":{"line":177,"column":8},"end":{"line":177,"column":8}},{"start":{"line":177,"column":8},"end":{"line":177,"column":8}}]}}},
"contracts/Engines/CEGEngine.sol":{"l":{"30":3,"32":3,"33":3,"34":3,"35":3,"36":3,"38":3,"59":0,"60":0,"63":0,"64":0,"65":0,"66":0,"71":0,"72":0,"73":0,"76":0,"99":0,"101":0,"102":0,"105":0,"106":0,"114":0,"115":0,"116":0,"117":0,"118":0,"123":0,"148":0,"150":0,"152":0,"156":0,"160":0,"184":0,"187":0,"188":0,"189":0,"190":0,"191":0,"193":0,"217":0,"220":0,"222":0,"223":0,"224":0,"225":0,"227":0},"path":"/Users/johannes/Documents/dev/actus-protocol/ap-monorepo/packages/actus-solidity/contracts/Engines/CEGEngine.sol","s":{"1":3,"2":3,"3":3,"4":3,"5":3,"6":3,"7":3,"8":0,"9":0,"10":0,"11":0,"12":0,"13":0,"14":0,"15":0,"16":0,"17":0,"18":0,"19":0,"20":0,"21":0,"22":0,"23":0,"24":0,"25":0,"26":0,"27":0,"28":0,"29":0,"30":0,"31":0,"32":0,"33":0,"34":0,"35":0,"36":0,"37":0,"38":0,"39":0,"40":0,"41":0,"42":0,"43":0,"44":0,"45":0,"46":0,"47":0,"48":0,"49":0,"50":0,"51":0,"52":0,"53":0,"54":0},"b":{"1":[0,0],"2":[0,0],"3":[0,0],"4":[0,0],"5":[0,0],"6":[0,0],"7":[0,0],"8":[0,0],"9":[0,0],"10":[0,0],"11":[0,0],"12":[0,0],"13":[0,0],"14":[0,0],"15":[0,0],"16":[0,0],"17":[0,0],"18":[0,0],"19":[0,0]},"f":{"1":3,"2":0,"3":0,"4":0,"5":0,"6":0},"fnMap":{"1":{"name":"computeInitialState","line":24,"loc":{"start":{"line":24,"column":4},"end":{"line":29,"column":5}}},"2":{"name":"computeNonCyclicScheduleSegment","line":49,"loc":{"start":{"line":49,"column":4},"end":{"line":58,"column":5}}},"3":{"name":"computeCyclicScheduleSegment","line":88,"loc":{"start":{"line":88,"column":4},"end":{"line":98,"column":5}}},"4":{"name":"isEventScheduled","line":136,"loc":{"start":{"line":136,"column":4},"end":{"line":147,"column":5}}},"5":{"name":"stateTransitionFunction","line":173,"loc":{"start":{"line":173,"column":4},"end":{"line":183,"column":5}}},"6":{"name":"payoffFunction","line":206,"loc":{"start":{"line":206,"column":4},"end":{"line":216,"column":5}}}},"statementMap":{"1":{"start":{"line":30,"column":8},"end":{"line":30,"column":26}},"2":{"start":{"line":32,"column":8},"end":{"line":32,"column":57}},"3":{"start":{"line":33,"column":8},"end":{"line":33,"column":42}},"4":{"start":{"line":34,"column":8},"end":{"line":34,"column":46}},"5":{"start":{"line":35,"column":8},"end":{"line":35,"column":87}},"6":{"start":{"line":36,"column":8},"end":{"line":36,"column":42}},"7":{"start":{"line":38,"column":8},"end":{"line":38,"column":20}},"8":{"start":{"line":59,"column":8},"end":{"line":59,"column":62}},"9":{"start":{"line":60,"column":8},"end":{"line":60,"column":24}},"10":{"start":{"line":63,"column":8},"end":{"line":63,"column":1947}},"11":{"start":{"line":64,"column":12},"end":{"line":64,"column":1994}},"12":{"start":{"line":65,"column":16},"end":{"line":65,"column":85}},"13":{"start":{"line":71,"column":8},"end":{"line":71,"column":2227}},"14":{"start":{"line":72,"column":12},"end":{"line":72,"column":80}},"15":{"start":{"line":76,"column":8},"end":{"line":76,"column":29}},"16":{"start":{"line":99,"column":8},"end":{"line":99,"column":62}},"17":{"start":{"line":101,"column":8},"end":{"line":101,"column":3208}},"18":{"start":{"line":102,"column":12},"end":{"line":102,"column":29}},"19":{"start":{"line":105,"column":12},"end":{"line":105,"column":3309}},"20":{"start":{"line":106,"column":16},"end":{"line":106,"column":3403}},"21":{"start":{"line":114,"column":16},"end":{"line":114,"column":3729}},"22":{"start":{"line":115,"column":20},"end":{"line":115,"column":50}},"23":{"start":{"line":116,"column":20},"end":{"line":116,"column":96}},"24":{"start":{"line":117,"column":20},"end":{"line":117,"column":84}},"25":{"start":{"line":123,"column":8},"end":{"line":123,"column":29}},"26":{"start":{"line":148,"column":8},"end":{"line":148,"column":73}},"27":{"start":{"line":150,"column":8},"end":{"line":150,"column":5058}},"28":{"start":{"line":152,"column":12},"end":{"line":152,"column":5172}},"29":{"start":{"line":156,"column":16},"end":{"line":156,"column":28}},"30":{"start":{"line":160,"column":8},"end":{"line":160,"column":19}},"31":{"start":{"line":184,"column":8},"end":{"line":184,"column":73}},"32":{"start":{"line":187,"column":8},"end":{"line":187,"column":98}},"33":{"start":{"line":187,"column":39},"end":{"line":187,"column":98}},"34":{"start":{"line":188,"column":8},"end":{"line":188,"column":98}},"35":{"start":{"line":188,"column":39},"end":{"line":188,"column":98}},"36":{"start":{"line":189,"column":8},"end":{"line":189,"column":100}},"37":{"start":{"line":189,"column":40},"end":{"line":189,"column":100}},"38":{"start":{"line":190,"column":8},"end":{"line":190,"column":98}},"39":{"start":{"line":190,"column":39},"end":{"line":190,"column":98}},"40":{"start":{"line":191,"column":8},"end":{"line":191,"column":98}},"41":{"start":{"line":191,"column":39},"end":{"line":191,"column":98}},"42":{"start":{"line":193,"column":8},"end":{"line":193,"column":71}},"43":{"start":{"line":217,"column":8},"end":{"line":217,"column":73}},"44":{"start":{"line":220,"column":8},"end":{"line":220,"column":47}},"45":{"start":{"line":220,"column":39},"end":{"line":220,"column":47}},"46":{"start":{"line":222,"column":8},"end":{"line":222,"column":98}},"47":{"start":{"line":222,"column":39},"end":{"line":222,"column":98}},"48":{"start":{"line":223,"column":8},"end":{"line":223,"column":47}},"49":{"start":{"line":223,"column":39},"end":{"line":223,"column":47}},"50":{"start":{"line":224,"column":8},"end":{"line":224,"column":100}},"51":{"start":{"line":224,"column":40},"end":{"line":224,"column":100}},"52":{"start":{"line":225,"column":8},"end":{"line":225,"column":47}},"53":{"start":{"line":225,"column":39},"end":{"line":225,"column":47}},"54":{"start":{"line":227,"column":8},"end":{"line":227,"column":62}}},"branchMap":{"1":{"line":63,"type":"if","locations":[{"start":{"line":63,"column":8},"end":{"line":63,"column":8}},{"start":{"line":63,"column":8},"end":{"line":63,"column":8}}]},"2":{"line":64,"type":"if","locations":[{"start":{"line":64,"column":12},"end":{"line":64,"column":12}},{"start":{"line":64,"column":12},"end":{"line":64,"column":12}}]},"3":{"line":71,"type":"if","locations":[{"start":{"line":71,"column":8},"end":{"line":71,"column":8}},{"start":{"line":71,"column":8},"end":{"line":71,"column":8}}]},"4":{"line":101,"type":"if","locations":[{"start":{"line":101,"column":8},"end":{"line":101,"column":8}},{"start":{"line":101,"column":8},"end":{"line":101,"column":8}}]},"5":{"line":105,"type":"if","locations":[{"start":{"line":105,"column":12},"end":{"line":105,"column":12}},{"start":{"line":105,"column":12},"end":{"line":105,"column":12}}]},"6":{"line":115,"type":"if","locations":[{"start":{"line":115,"column":20},"end":{"line":115,"column":20}},{"start":{"line":115,"column":20},"end":{"line":115,"column":20}}]},"7":{"line":116,"type":"if","locations":[{"start":{"line":116,"column":20},"end":{"line":116,"column":20}},{"start":{"line":116,"column":20},"end":{"line":116,"column":20}}]},"8":{"line":150,"type":"if","locations":[{"start":{"line":150,"column":8},"end":{"line":150,"column":8}},{"start":{"line":150,"column":8},"end":{"line":150,"column":8}}]},"9":{"line":152,"type":"if","locations":[{"start":{"line":152,"column":12},"end":{"line":152,"column":12}},{"start":{"line":152,"column":12},"end":{"line":152,"column":12}}]},"10":{"line":187,"type":"if","locations":[{"start":{"line":187,"column":8},"end":{"line":187,"column":8}},{"start":{"line":187,"column":8},"end":{"line":187,"column":8}}]},"11":{"line":188,"type":"if","locations":[{"start":{"line":188,"column":8},"end":{"line":188,"column":8}},{"start":{"line":188,"column":8},"end":{"line":188,"column":8}}]},"12":{"line":189,"type":"if","locations":[{"start":{"line":189,"column":8},"end":{"line":189,"column":8}},{"start":{"line":189,"column":8},"end":{"line":189,"column":8}}]},"13":{"line":190,"type":"if","locations":[{"start":{"line":190,"column":8},"end":{"line":190,"column":8}},{"start":{"line":190,"column":8},"end":{"line":190,"column":8}}]},"14":{"line":191,"type":"if","locations":[{"start":{"line":191,"column":8},"end":{"line":191,"column":8}},{"start":{"line":191,"column":8},"end":{"line":191,"column":8}}]},"15":{"line":220,"type":"if","locations":[{"start":{"line":220,"column":8},"end":{"line":220,"column":8}},{"start":{"line":220,"column":8},"end":{"line":220,"column":8}}]},"16":{"line":222,"type":"if","locations":[{"start":{"line":222,"column":8},"end":{"line":222,"column":8}},{"start":{"line":222,"column":8},"end":{"line":222,"column":8}}]},"17":{"line":223,"type":"if","locations":[{"start":{"line":223,"column":8},"end":{"line":223,"column":8}},{"start":{"line":223,"column":8},"end":{"line":223,"column":8}}]},"18":{"line":224,"type":"if","locations":[{"start":{"line":224,"column":8},"end":{"line":224,"column":8}},{"start":{"line":224,"column":8},"end":{"line":224,"column":8}}]},"19":{"line":225,"type":"if","locations":[{"start":{"line":225,"column":8},"end":{"line":225,"column":8}},{"start":{"line":225,"column":8},"end":{"line":225,"column":8}}]}}},
"contracts/Engines/IEngine.sol":{"l":{},"path":"/Users/johannes/Documents/dev/actus-protocol/ap-monorepo/packages/actus-solidity/contracts/Engines/IEngine.sol","s":{},"b":{},"f":{},"fnMap":{},"statementMap":{},"branchMap":{}},
"contracts/Engines/PAMEngine.sol":{"l":{"29":33,"31":33,"32":33,"33":33,"34":33,"35":33,"36":33,"37":33,"38":33,"39":33,"41":33,"62":26,"63":26,"66":26,"67":24,"68":24,"72":26,"73":0,"74":0,"75":0,"80":26,"81":24,"82":24,"85":26,"108":125,"110":125,"111":25,"115":25,"119":25,"127":25,"128":303,"129":278,"130":273,"131":273,"132":273,"137":125,"138":25,"141":25,"146":1,"147":1,"149":1,"157":1,"158":7,"159":6,"160":6,"161":6,"166":125,"167":25,"170":25,"171":4,"179":4,"180":23,"181":19,"182":19,"183":19,"189":125,"190":25,"193":25,"194":0,"202":0,"203":0,"204":0,"205":0,"206":0,"211":125,"212":0,"215":0,"218":0,"226":0,"227":0,"228":0,"229":0,"230":0,"235":125,"260":0,"285":315,"290":315,"291":315,"292":315,"293":293,"294":287,"295":40,"297":40,"298":19,"299":19,"300":19,"301":0,"302":0,"303":0,"305":0,"330":299,"337":299,"338":299,"339":293,"340":293,"341":274,"342":274,"343":274,"344":274,"345":254,"346":20,"348":20,"349":0,"350":0,"352":0},"path":"/Users/johannes/Documents/dev/actus-protocol/ap-monorepo/packages/actus-solidity/contracts/Engines/PAMEngine.sol","s":{"1":33,"2":33,"3":33,"4":33,"5":33,"6":33,"7":33,"8":33,"9":33,"10":33,"11":33,"12":26,"13":26,"14":26,"15":24,"16":26,"17":0,"18":0,"19":26,"20":24,"21":26,"22":125,"23":125,"24":25,"25":25,"26":25,"27":25,"28":303,"29":278,"30":273,"31":273,"32":125,"33":25,"34":25,"35":1,"36":1,"37":1,"38":1,"39":7,"40":6,"41":6,"42":125,"43":25,"44":25,"45":4,"46":4,"47":23,"48":19,"49":19,"50":125,"51":25,"52":25,"53":0,"54":0,"55":0,"56":0,"57":0,"58":125,"59":0,"60":0,"61":0,"62":0,"63":0,"64":0,"65":0,"66":125,"67":0,"68":315,"69":315,"70":0,"71":315,"72":0,"73":315,"74":22,"75":293,"76":6,"77":287,"78":247,"79":40,"80":0,"81":40,"82":21,"83":19,"84":0,"85":19,"86":0,"87":19,"88":19,"89":0,"90":0,"91":0,"92":0,"93":0,"94":0,"95":0,"96":299,"97":299,"98":0,"99":299,"100":6,"101":293,"102":0,"103":293,"104":19,"105":274,"106":0,"107":274,"108":0,"109":274,"110":0,"111":274,"112":20,"113":254,"114":234,"115":20,"116":0,"117":20,"118":20,"119":0,"120":0,"121":0,"122":0,"123":0},"b":{"1":[24,2],"2":[0,26],"3":[0,0],"4":[24,2],"5":[25,100],"6":[25,0],"7":[25,278],"8":[5,273],"9":[0,273],"10":[25,100],"11":[1,24],"12":[1,6],"13":[0,6],"14":[25,100],"15":[4,21],"16":[4,19],"17":[0,19],"18":[25,100],"19":[0,25],"20":[0,0],"21":[0,0],"22":[0,125],"23":[0,0],"24":[0,0],"25":[0,0],"26":[0,315],"27":[0,315],"28":[22,293],"29":[6,287],"30":[247,40],"31":[0,40],"32":[21,19],"33":[0,19],"34":[0,19],"35":[19,0],"36":[0,0],"37":[0,0],"38":[0,0],"39":[0,299],"40":[6,293],"41":[0,293],"42":[19,274],"43":[0,274],"44":[0,274],"45":[0,274],"46":[20,254],"47":[234,20],"48":[0,20],"49":[20,0],"50":[0,0],"51":[0,0]},"f":{"1":33,"2":26,"3":125,"4":0,"5":315,"6":299},"fnMap":{"1":{"name":"computeInitialState","line":23,"loc":{"start":{"line":23,"column":4},"end":{"line":28,"column":5}}},"2":{"name":"computeNonCyclicScheduleSegment","line":52,"loc":{"start":{"line":52,"column":4},"end":{"line":61,"column":5}}},"3":{"name":"computeCyclicScheduleSegment","line":97,"loc":{"start":{"line":97,"column":4},"end":{"line":107,"column":5}}},"4":{"name":"isEventScheduled","line":248,"loc":{"start":{"line":248,"column":4},"end":{"line":259,"column":5}}},"5":{"name":"stateTransitionFunction","line":274,"loc":{"start":{"line":274,"column":4},"end":{"line":284,"column":5}}},"6":{"name":"payoffFunction","line":319,"loc":{"start":{"line":319,"column":4},"end":{"line":329,"column":5}}}},"statementMap":{"1":{"start":{"line":29,"column":8},"end":{"line":29,"column":26}},"2":{"start":{"line":31,"column":8},"end":{"line":31,"column":57}},"3":{"start":{"line":32,"column":8},"end":{"line":32,"column":68}},"4":{"start":{"line":33,"column":8},"end":{"line":33,"column":68}},"5":{"start":{"line":34,"column":8},"end":{"line":34,"column":42}},"6":{"start":{"line":35,"column":8},"end":{"line":35,"column":46}},"7":{"start":{"line":36,"column":8},"end":{"line":36,"column":56}},"8":{"start":{"line":37,"column":8},"end":{"line":37,"column":60}},"9":{"start":{"line":38,"column":8},"end":{"line":38,"column":52}},"10":{"start":{"line":39,"column":8},"end":{"line":39,"column":42}},"11":{"start":{"line":41,"column":8},"end":{"line":41,"column":20}},"12":{"start":{"line":62,"column":8},"end":{"line":62,"column":62}},"13":{"start":{"line":63,"column":8},"end":{"line":63,"column":24}},"14":{"start":{"line":66,"column":8},"end":{"line":66,"column":2104}},"15":{"start":{"line":67,"column":12},"end":{"line":67,"column":88}},"16":{"start":{"line":72,"column":8},"end":{"line":72,"column":2354}},"17":{"start":{"line":73,"column":12},"end":{"line":73,"column":2401}},"18":{"start":{"line":74,"column":16},"end":{"line":74,"column":85}},"19":{"start":{"line":80,"column":8},"end":{"line":80,"column":2640}},"20":{"start":{"line":81,"column":12},"end":{"line":81,"column":80}},"21":{"start":{"line":85,"column":8},"end":{"line":85,"column":29}},"22":{"start":{"lin
[...]
/Engines/STF.sol","s":{"1":0,"2":1,"3":1,"4":1,"5":1,"6":1,"7":1,"8":1,"9":1,"10":1,"11":1,"12":23,"13":23,"14":23,"15":23,"16":23,"17":23,"18":7,"19":7,"20":7,"21":7,"22":7,"23":7,"24":248,"25":248,"26":248,"27":248,"28":248,"29":1,"30":1,"31":1,"32":1,"33":1,"34":1,"35":1,"36":1,"37":1,"38":1,"39":1,"40":1,"41":1,"42":1,"43":1,"44":1,"45":1,"46":1,"47":1,"48":1,"49":1,"50":1,"51":1,"52":19,"53":19,"54":19,"55":19,"56":19,"57":19,"58":19,"59":19,"60":19,"61":19,"62":0,"63":0,"64":0,"65":0,"66":0,"67":0,"68":0,"69":0,"70":0,"71":21,"72":21,"73":21,"74":21,"75":21,"76":21,"77":21,"78":0,"79":0,"80":0,"81":0,"82":0,"83":0,"84":0,"85":0,"86":0,"87":0,"88":0,"89":0,"90":0,"91":0,"92":0,"93":0,"94":0,"95":0,"96":0,"97":0,"98":0,"99":0,"100":0,"101":9,"102":9,"103":9,"104":9,"105":9,"106":9,"107":0,"108":0,"109":0,"110":0,"111":0,"112":0,"113":83,"114":83,"115":83,"116":83,"117":83,"118":75,"119":75,"120":75,"121":75,"122":75,"123":75,"124":8,"125":8,"126":8,"127":8,"128":8,"129":8,"130":8,"131":0,"132":0,"133":0,"134":0,"135":0,"136":0,"137":0,"138":0,"139":0,"140":0,"141":0,"142":0,"143":0,"144":0,"145":0,"146":0,"147":0,"148":0,"149":0,"150":0,"151":0,"152":0,"153":0,"154":0,"155":0,"156":0,"157":0,"158":0,"159":0,"160":0,"161":0,"162":0,"163":0,"164":0,"165":0,"166":0,"167":0,"168":0,"169":0,"170":0,"171":0,"172":0,"173":0,"174":0,"175":0,"176":0,"177":0,"178":0,"179":0},"b":{"1":[0,0],"2":[0,0],"3":[0,0],"4":[0,0],"5":[0,0],"6":[0,0],"7":[0,0],"8":[0,0],"9":[0,0],"10":[0,0],"11":[0,0],"12":[0,0],"13":[0,0],"14":[0,0]},"f":{"1":0,"2":1,"3":1,"4":23,"5":7,"6":248,"7":1,"8":1,"9":1,"10":1,"11":19,"12":0,"13":21,"14":0,"15":0,"16":9,"17":0,"18":83,"19":75,"20":8,"21":0,"22":0,"23":0,"24":0,"25":0,"26":0,"27":0},"fnMap":{"1":{"name":"STF_PAM_NE","line":19,"loc":{"start":{"line":19,"column":4},"end":{"line":28,"column":5}}},"2":{"name":"STF_PAM_AD","line":37,"loc":{"start":{"line":37,"column":4},"end":{"line":46,"column":5}}},"3":{"name":"STF_PAM_FP","line":75,"loc":{"start":{"line":75,"column":4},"end":{"line":84,"column":5}}},"4":{"name":"STF_PAM_IED","line":108,"loc":{"start":{"line":108,"column":4},"end":{"line":117,"column":5}}},"5":{"name":"STF_PAM_IPCI","line":153,"loc":{"start":{"line":153,"column":4},"end":{"line":162,"column":5}}},"6":{"name":"STF_PAM_IP","line":195,"loc":{"start":{"line":195,"column":4},"end":{"line":204,"column":5}}},"7":{"name":"STF_PAM_PP","line":228,"loc":{"start":{"line":228,"column":4},"end":{"line":237,"column":5}}},"8":{"name":"STF_PAM_PR","line":267,"loc":{"start":{"line":267,"column":4},"end":{"line":276,"column":5}}},"9":{"name":"STF_PAM_PY","line":306,"loc":{"start":{"line":306,"column":4},"end":{"line":315,"column":5}}},"10":{"name":"STF_PAM_RRF","line":344,"loc":{"start":{"line":344,"column":4},"end":{"line":353,"column":5}}},"11":{"name":"STF_PAM_RR","line":383,"loc":{"start":{"line":383,"column":4},"end":{"line":392,"column":5}}},"12":{"name":"STF_PAM_SC","line":438,"loc":{"start":{"line":438,"column":4},"end":{"line":447,"column":5}}},"13":{"name":"STF_PAM_MD","line":484,"loc":{"start":{"line":484,"column":4},"end":{"line":493,"column":5}}},"14":{"name":"STF_PAM_TD","line":524,"loc":{"start":{"line":524,"column":4},"end":{"line":533,"column":5}}},"15":{"name":"STF_PAM_CE","line":549,"loc":{"start":{"line":549,"column":4},"end":{"line":558,"column":5}}},"16":{"name":"STF_ANN_IED","line":686,"loc":{"start":{"line":686,"column":4},"end":{"line":695,"column":5}}},"17":{"name":"STF_ANN_IPCI","line":726,"loc":{"start":{"line":726,"column":4},"end":{"line":735,"column":5}}},"18":{"name":"STF_ANN_IP","line":763,"loc":{"start":{"line":763,"column":4},"end":{"line":772,"column":5}}},"19":{"name":"STF_ANN_PR","line":824,"loc":{"start":{"line":824,"column":4},"end":{"line":833,"column":5}}},"20":{"name":"STF_ANN_MD","line":873,"loc":{"start":{"line":873,"column":4},"end":{"line":882,"column":5}}},"21":{"name":"STF_ANN_RR","line":974,"loc":{"start":{"line":974,"column":4},"end":{"line":983,"column":5}}},"22":{"name":"STF_ANN_SC","line":1023,"loc":{"start":{"line":1023,"column":4},"end":{"line":1032,"column":5}}},"23":{"name":"STF_CEG_MD","line":1087,"loc":{"start":{"line":1087,"column":4},"end":{"line":1096,"column":5}}},"24":{"name":"STF_CEG_XD","line":1104,"loc":{"start":{"line":1104,"column":4},"end":{"line":1113,"column":5}}},"25":{"name":"STF_CEG_STD","line":1138,"loc":{"start":{"line":1138,"column":4},"end":{"line":1147,"column":5}}},"26":{"name":"STF_CEG_PRD","line":1156,"loc":{"start":{"line":1156,"column":4},"end":{"line":1165,"column":5}}},"27":{"name":"STF_CEG_FP","line":1173,"loc":{"start":{"line":1173,"column":4},"end":{"line":1182,"column":5}}}},"statementMap":{"1":{"start":{"line":29,"column":8},"end":{"line":29,"column":20}},"2":{"start":{"line":47,"column":8},"end":{"line":47,"column":970}},"3":{"start":{"line":53,"column":8},"end":{"line":53,"column":1274}},"4":{"start":{"line":59,"column":8},"end":{"line":59,"column":1481}},"5":{"start":{"line":65,"column":8},"end":{"line":65,"column":38}},"6":{"start":{"line":67,"column":8},"end":{"line":67,"column":20}},"7":{"start":{"line":85,"column":8},"end":{"line":85,"column":2091}},"8":{"start":{"line":91,"column":8},"end":{"line":91,"column":2395}},"9":{"start":{"line":97,"column":8},"end":{"line":97,"column":27}},"10":{"start":{"line":98,"column":8},"end":{"line":98,"column":38}},"11":{"start":{"line":100,"column":8},"end":{"line":100,"column":20}},"12":{"start":{"line":118,"column":8},"end":{"line":118,"column":3056}},"13":{"start":{"line":124,"column":8},"end":{"line":124,"column":87}},"14":{"start":{"line":125,"column":8},"end":{"line":125,"column":60}},"15":{"start":{"line":126,"column":8},"end":{"line":126,"column":38}},"16":{"start":{"line":128,"column":8},"end":{"line":128,"column":52}},"17":{"start":{"line":145,"column":8},"end":{"line":145,"column":20}},"18":{"start":{"line":163,"column":8},"end":{"line":163,"column":4538}},"19":{"start":{"line":169,"column":8},"end":{"line":169,"column":4842}},"20":{"start":{"line":178,"column":8},"end":{"line":178,"column":32}},"21":{"start":{"line":179,"column":8},"end":{"line":179,"column":5166}},"22":{"start":{"line":185,"column":8},"end":{"line":185,"column":38}},"23":{"start":{"line":187,"column":8},"end":{"line":187,"column":20}},"24":{"start":{"line":205,"column":8},"end":{"line":205,"column":5774}},"25":{"start":{"line":211,"column":8},"end":{"line":211,"column":32}},"26":{"start":{"line":212,"column":8},"end":{"line":212,"column":6113}},"27":{"start":{"line":218,"column":8},"end":{"line":218,"column":38}},"28":{"start":{"line":220,"column":8},"end":{"line":220,"column":20}},"29":{"start":{"line":238,"column":8},"end":{"line":238,"column":6725}},"30":{"start":{"line":244,"column":8},"end":{"line":244,"column":7029}},"31":{"start":{"line":250,"column":8},"end":{"line":250,"column":7236}},"32":{"start":{"line":256,"column":8},"end":{"line":256,"column":35}},"33":{"start":{"line":257,"column":8},"end":{"line":257,"column":38}},"34":{"start":{"line":259,"column":8},"end":{"line":259,"column":20}},"35":{"start":{"line":277,"column":8},"end":{"line":277,"column":7990}},"36":{"start":{"line":283,"column":8},"end":{"line":283,"column":8294}},"37":{"start":{"line":289,"column":8},"end":{"line":289,"column":8501}},"38":{"start":{"line":295,"column":8},"end":{"line":295,"column":34}},"39":{"start":{"line":296,"column":8},"end":{"line":296,"column":38}},"40":{"start":{"line":298,"column":8},"end":{"line":298,"column":20}},"41":{"start":{"line":316,"column":8},"end":{"line":316,"column":9146}},"42":{"start":{"line":322,"column":8},"end":{"line":322,"column":9450}},"43":{"start":{"line":328,"column":8},"end":{"line":328,"column":9657}},"44":{"start":{"line":334,"column":8},"end":{"line":334,"column":38}},"45":{"start":{"line":336,"column":8},"end":{"line":336,"column":20}},"46":{"start":{"line":354,"column":8},"end":{"line":354,"column":10267}},"47":{"start":{"line":360,"column":8},"end":{"line":360,"column":10571}},"48":{"start":{"line":366,"column":8},"end":{"line":366,"column":10778}},"49":{"start":{"line":372,"column":8},"end":{"line":372,"column":54}},"50":{"start":{"line":373,"column":8},"end":{"line":373,"column":38}},"51":{"start":{"line":375,"column":8},"end":{"line":375,"column":20}},"52":{"start":{"line":397,"column":8},"end":{"line":397,"column":105}},"53":{"start":{"line":400,"column":8},"end":{"line":400,"column":62}},"54":{"start":{"line":406,"column":8},"end":{"line":406,"column":72}},"55":{"start":{"line":407,"column":8},"end":{"line":407,"column":54}},"56":{"start":{"line":413,"column":8},"end":{"line":413,"column":58}},"57":{"start":{"line":415,"column":8},"end":{"line":415,"column":12635}},"58":{"start":{"line":421,"column":8},"end":{"line":421,"column":12939}},"59":{"start":{"line":427,"column":8},"end":{"line":427,"column":39}},"60":{"start":{"line":428,"column":8},"end":{"line":428,"column":38}},"61":{"start":{"line":430,"column":8},"end":{"line":430,"column":20}},"62":{"start":{"line":448,"column":8},"end":{"line":448,"column":13624}},"63":{"start":{"line":454,"column":8},"end":{"line":454,"column":13928}},"64":{"start":{"line":460,"column":8},"end":{"line":460,"column":14135}},"65":{"start":{"line":467,"column":8},"end":{"line":467,"column":14321}},"66":{"start":{"line":468,"column":12},"end":{"line":468,"column":46}},"67":{"start":{"line":470,"column":8},"end":{"line":470,"column":14564}},"68":{"start":{"line":471,"column":12},"end":{"line":471,"column":46}},"69":{"start":{"line":474,"column":8},"end":{"line":474,"column":38}},"70":{"start":{"line":476,"column":8},"end":{"line":476,"column":20}},"71":{"start":{"line":494,"column":8},"end":{"line":494,"column":15236}},"72":{"start":{"line":500,"column":8},"end":{"line":500,"column":15540}},"73":{"start":{"line":506,"column":8},"end":{"line":506,"column":15747}},"74":{"start":{"line":512,"column":8},"end":{"line":512,"column":34}},"75":{"start":{"line":513,"column":8},"end":{"line":513,"column":57}},"76":{"start":{"line":514,"column":8},"end":{"line":514,"column":38}},"77":{"start":{"line":516,"column":8},"end":{"line":516,"column":20}},"78":{"start":{"line":534,"column":8},"end":{"line":534,"column":34}},"79":{"start":{"line":535,"column":8},"end":{"line":535,"column":36}},"80":{"start":{"line":536,"column":8},"end":{"line":536,"column":32}},"81":{"start":{"line":537,"column":8},"end":{"line":537,"column":27}},"82":{"start":{"line":538,"column":8},"end":{"line":538,"column":57}},"83":{"start":{"line":539,"column":8},"end":{"line":539,"column":38}},"84":{"start":{"line":541,"column":8},"end":{"line":541,"column":20}},"85":{"start":{"line":559,"column":8},"end":{"line":559,"column":17101}},"86":{"start":{"line":563,"column":8},"end":{"line":563,"column":56}},"87":{"start":{"line":565,"column":8},"end":{"line":565,"column":36}},"88":{"start":{"line":566,"column":8},"end":{"line":566,"column":17364}},"89":{"start":{"line":567,"column":12},"end":{"line":567,"column":92}},"90":{"start":{"line":568,"column":12},"end":{"line":568,"column":17505}},"91":{"start":{"line":569,"column":16},"end":{"line":569,"column":65}},"92":{"start":{"line":570,"column":16},"end":{"line":570,"column":37}},"93":{"start":{"line":574,"column":8},"end":{"line":574,"column":17679}},"94":{"start":{"line":575,"column":12},"end":{"line":575,"column":104}},"95":{"start":{"line":576,"column":12},"end":{"line":576,"column":17858}},"96":{"start":{"line":577,"column":16},"end":{"line":577,"column":65}},"97":{"start":{"line":579,"column":16},"end":{"line":579,"column":65}},"98":{"start":{"line":583,"column":8},"end":{"line":583,"column":18087}},"99":{"start":{"line":584,"column":12},"end":{"line":584,"column":18139}},"100":{"start":{"line":591,"column":8},"end":{"line":591,"column":20}},"101":{"start":{"line":696,"column":8},"end":{"line":696,"column":21409}},"102":{"start":{"line":702,"column":8},"end":{"line":702,"column":87}},"103":{"start":{"line":703,"column":8},"end":{"line":703,"column":60}},"104":{"start":{"line":704,"column":8},"end":{"line":704,"column":38}},"105":{"start":{"line":706,"column":8},"end":{"line":706,"column":52}},"106":{"start":{"line":723,"column":8},"end":{"line":723,"column":20}},"107":{"start":{"line":736,"column":8},"end":{"line":736,"column":22876}},"108":{"start":{"line":742,"column":8},"end":{"line":742,"column":23180}},"109":{"start":{"line":751,"column":8},"end":{"line":751,"column":32}},"110":{"start":{"line":752,"column":8},"end":{"line":752,"column":23500}},"111":{"start":{"line":758,"column":8},"end":{"line":758,"column":38}},"112":{"start":{"line":760,"column":8},"end":{"line":760,"column":20}},"113":{"start":{"line":773,"column":8},"end":{"line":773,"column":23980}},"114":{"start":{"line":779,"column":8},"end":{"line":779,"column":32}},"115":{"start":{"line":780,"column":8},"end":{"line":780,"column":24319}},"116":{"start":{"line":786,"column":8},"end":{"line":786,"column":38}},"117":{"start":{"line":788,"column":8},"end":{"line":788,"column":20}},"118":{"start":{"line":834,"column":8},"end":{"line":834,"column":25919}},"119":{"start":{"line":840,"column":8},"end":{"line":840,"column":26223}},"120":{"start":{"line":846,"column":8},"end":{"line":846,"column":26430}},"121":{"start":{"line":852,"column":8},"end":{"line":852,"column":26615}},"122":{"start":{"line":868,"column":8},"end":{"line":868,"column":38}},"123":{"start":{"line":870,"column":8},"end":{"line":870,"column":20}},"124":{"start":{"line":883,"column":8},"end":{"line":883,"column":27372}},"125":{"start":{"line":889,"column":8},"end":{"line":889,"column":27676}},"126":{"start":{"line":895,"column":8},"end":{"line":895,"column":27883}},"127":{"start":{"line":901,"column":8},"end":{"line":901,"column":36}},"128":{"start":{"line":902,"column":8},"end":{"line":902,"column":57}},"129":{"start":{"line":903,"column":8},"end":{"line":903,"column":38}},"130":{"start":{"line":905,"column":8},"end":{"line":905,"column":20}},"131":{"start":{"line":986,"column":8},"end":{"line":986,"column":84}},"132":{"start":{"line":987,"column":8},"end":{"line":987,"column":62}},"133":{"start":{"line":990,"column":8},"end":{"line":990,"column":30837}},"134":{"start":{"line":991,"column":12},"end":{"line":991,"column":36}},"135":{"start":{"line":992,"column":15},"end":{"line":992,"column":30974}},"136":{"start":{"line":993,"column":12},"end":{"line":993,"column":49}},"137":{"start":{"line":995,"column":8},"end":{"line":995,"column":54}},"138":{"start":{"line":998,"column":8},"end":{"line":998,"column":31180}},"139":{"start":{"line":999,"column":12},"end":{"line":999,"column":31}},"140":{"start":{"line":1000,"column":15},"end":{"line":1000,"column":31292}},"141":{"start":{"line":1001,"column":12},"end":{"line":1001,"column":33}},"142":{"start":{"line":1004,"column":8},"end":{"line":1004,"column":31378}},"143":{"start":{"line":1010,"column":8},"end":{"line":1010,"column":31682}},"144":{"start":{"line":1016,"column":8},"end":{"line":1016,"column":39}},"145":{"start":{"line":1017,"column":8},"end":{"line":1017,"column":47}},"146":{"start":{"line":1018,"column":8},"end":{"line":1018,"column":38}},"147":{"start":{"line":1020,"column":8},"end":{"line":1020,"column":20}},"148":{"start":{"line":1033,"column":8},"end":{"line":1033,"column":32314}},"149":{"start":{"line":1039,"column":8},"end":{"line":1039,"column":32618}},"150":{"start":{"line":1045,"column":8},"end":{"line":1045,"column":32825}},"151":{"start":{"line":1052,"column":8},"end":{"line":1052,"column":33011}},"152":{"start":{"line":1053,"column":12},"end":{"line":1053,"column":46}},"153":{"start":{"line":1055,"column":8},"end":{"line":1055,"column":33254}},"154":{"start":{"line":1056,"column":12},"end":{"line":1056,"column":46}},"155":{"start":{"line":1059,"column":8},"end":{"line":1059,"column":38}},"156":{"start":{"line":1061,"column":8},"end":{"line":1061,"column":20}},"157":{"start":{"line":1097,"column":8},"end":{"line":1097,"column":34}},"158":{"start":{"line":1098,"column":8},"end":{"line":1098,"column":57}},"159":{"start":{"line":1099,"column":8},"end":{"line":1099,"column":38}},"160":{"start":{"line":1101,"column":8},"end":{"line":1101,"column":20}},"161":{"start":{"line":1114,"column":8},"end":{"line":1114,"column":38}},"162":{"start":{"line":1116,"column":8},"end":{"line":1116,"column":95}},"163":{"start":{"line":1117,"column":8},"end":{"line":1117,"column":40}},"164":{"start":{"line":1119,"column":8},"end":{"line":1119,"column":35150}},"165":{"start":{"line":1120,"column":12},"end":{"line":1120,"column":74}},"166":{"start":{"line":1122,"column":12},"end":{"line":1122,"column":35304}},"167":{"start":{"line":1135,"column":8},"end":{"line":1135,"column":20}},"168":{"start":{"line":1148,"column":8},"end":{"line":1148,"column":34}},"169":{"start":{"line":1149,"column":8},"end":{"line":1149,"column":27}},"170":{"start":{"line":1150,"column":8},"end":{"line":1150,"column":57}},"171":{"start":{"line":1151,"column":8},"end":{"line":1151,"column":38}},"172":{"start":{"line":1153,"column":8},"end":{"line":1153,"column":20}},"173":{"start":{"line":1166,"column":8},"end":{"line":1166,"column":87}},"174":{"start":{"line":1167,"column":8},"end":{"line":1167,"column":48}},"175":{"start":{"line":1168,"column":8},"end":{"line":1168,"column":38}},"176":{"start":{"line":1170,"column":8},"end":{"line":1170,"column":20}},"177":{"start":{"line":1183,"column":8},"end":{"line":1183,"column":27}},"178":{"start":{"line":1184,"column":8},"end":{"line":1184,"column":38}},"179":{"start":{"line":1186,"column":8},"end":{"line":1186,"column":20}}},"branchMap":{"1":{"line":467,"type":"if","locations":[{"start":{"line":467,"column":8},"end":{"line":467,"column":8}},{"start":{"line":467,"column":8},"end":{"line":467,"column":8}}]},"2":{"line":470,"type":"if","locations":[{"start":{"line":470,"column":8},"end":{"line":470,"column":8}},{"start":{"line":470,"column":8},"end":{"line":470,"column":8}}]},"3":{"line":566,"type":"if","locations":[{"start":{"line":566,"column":8},"end":{"line":566,"column":8}},{"start":{"line":566,"column":8},"end":{"line":566,"column":8}}]},"4":{"line":568,"type":"if","locations":[{"start":{"line":568,"column":12},"end":{"line":568,"column":12}},{"start":{"line":568,"column":12},"end":{"line":568,"column":12}}]},"5":{"line":574,"type":"if","locations":[{"start":{"line":574,"column":8},"end":{"line":574,"column":8}},{"start":{"line":574,"column":8},"end":{"line":574,"column":8}}]},"6":{"line":576,"type":"if","locations":[{"start":{"line":576,"column":12},"end":{"line":576,"column":12}},{"start":{"line":576,"column":12},"end":{"line":576,"column":12}}]},"7":{"line":583,"type":"if","locations":[{"start":{"line":583,"column":8},"end":{"line":583,"column":8}},{"start":{"line":583,"column":8},"end":{"line":583,"column":8}}]},"8":{"line":990,"type":"if","locations":[{"start":{"line":990,"column":8},"end":{"line":990,"column":8}},{"start":{"line":990,"column":8},"end":{"line":990,"column":8}}]},"9":{"line":992,"type":"if","locations":[{"start":{"line":992,"column":15},"end":{"line":992,"column":15}},{"start":{"line":992,"column":15},"end":{"line":992,"column":15}}]},"10":{"line":998,"type":"if","locations":[{"start":{"line":998,"column":8},"end":{"line":998,"column":8}},{"start":{"line":998,"column":8},"end":{"line":998,"column":8}}]},"11":{"line":1000,"type":"if","locations":[{"start":{"line":1000,"column":15},"end":{"line":1000,"column":15}},{"start":{"line":1000,"column":15},"end":{"line":1000,"column":15}}]},"12":{"line":1052,"type":"if","locations":[{"start":{"line":1052,"column":8},"end":{"line":1052,"column":8}},{"start":{"line":1052,"column":8},"end":{"line":1052,"column":8}}]},"13":{"line":1055,"type":"if","locations":[{"start":{"line":1055,"column":8},"end":{"line":1055,"column":8}},{"start":{"line":1055,"column":8},"end":{"line":1055,"column":8}}]},"14":{"line":1119,"type":"if","locations":[{"start":{"line":1119,"column":8},"end":{"line":1119,"column":8}},{"start":{"line":1119,"column":8},"end":{"line":1119,"column":8}}]}}}}
