TN:
SF:/Users/johannes/Documents/dev/actus-protocol/ap-monorepo/packages/actus-solidity/contracts/Core/ACTUSTypes.sol
FNF:0
FNH:0
LF:0
LH:0
BRF:0
BRH:0
end_of_record
TN:
SF:/Users/johannes/Documents/dev/actus-protocol/ap-monorepo/packages/actus-solidity/contracts/Core/Conventions/BusinessDayConvention.sol
FN:20,shiftCalcTime
FN:47,shiftEventTime
FN:87,getClosestBusinessDaySameDayOrFollowing
FN:106,getClosestBusinessDaySameDayOrPreceeding
FNF:4
FNH:4
FNDA:1750,shiftCalcTime
FNDA:2094,shiftEventTime
FNDA:160,getClosestBusinessDaySameDayOrFollowing
FNDA:156,getClosestBusinessDaySameDayOrPreceeding
DA:29,1750
DA:35,104
DA:38,1646
DA:57,2094
DA:58,80
DA:62,80
DA:63,80
DA:64,56
DA:66,24
DA:69,0
DA:73,132
DA:74,132
DA:75,132
DA:77,0
DA:80,1802
DA:92,160
DA:93,160
DA:94,24
DA:96,26
DA:99,110
DA:111,156
DA:112,156
DA:113,32
DA:115,34
DA:118,90
LF:25
LH:23
BRDA:29,1,0,104
BRDA:29,1,1,1646
BRDA:57,2,0,80
BRDA:57,2,1,2014
BRDA:61,3,0,80
BRDA:61,3,1,1934
BRDA:63,4,0,56
BRDA:63,4,1,24
BRDA:68,5,0,0
BRDA:68,5,1,1934
BRDA:72,6,0,132
BRDA:72,6,1,1802
BRDA:74,7,0,132
BRDA:74,7,1,0
BRDA:92,8,0,160
BRDA:92,8,1,0
BRDA:93,9,0,24
BRDA:93,9,1,136
BRDA:95,10,0,26
BRDA:95,10,1,110
BRDA:111,11,0,156
BRDA:111,11,1,0
BRDA:112,12,0,32
BRDA:112,12,1,124
BRDA:114,13,0,34
BRDA:114,13,1,90
BRF:26
BRH:22
end_of_record
TN:
SF:/Users/johannes/Documents/dev/actus-protocol/ap-monorepo/packages/actus-solidity/contracts/Core/Conventions/ContractDefaultConvention.sol
FN:15,performanceIndicator
FNF:1
FNH:1
FNDA:4,performanceIndicator
DA:20,4
DA:21,3
LF:2
LH:2
BRDA:20,1,0,1
BRDA:20,1,1,3
BRF:2
BRH:2
end_of_record
TN:
SF:/Users/johannes/Documents/dev/actus-protocol/ap-monorepo/packages/actus-solidity/contracts/Core/Conventions/ContractRoleConvention.sol
FN:14,roleSign
FNF:1
FNH:1
FNDA:525,roleSign
DA:19,525
DA:20,91
DA:22,0
DA:23,0
DA:25,0
DA:26,0
DA:28,0
LF:7
LH:2
BRDA:19,1,0,434
BRDA:19,1,1,91
BRDA:20,2,0,91
BRDA:20,2,1,0
BRDA:22,3,0,0
BRDA:22,3,1,0
BRDA:23,4,0,0
BRDA:23,4,1,0
BRDA:25,5,0,0
BRDA:25,5,1,0
BRDA:26,6,0,0
BRDA:26,6,1,0
BRF:12
BRH:3
end_of_record
TN:
SF:/Users/johannes/Documents/dev/actus-protocol/ap-monorepo/packages/actus-solidity/contracts/Core/Conventions/DayCountConvention.sol
FN:24,yearFraction
FN:56,actualActual
FN:87,actualThreeSixty
FN:98,actualThreeSixtyFive
FN:109,thirtyEThreeSixty
FN:143,thirtyEThreeSixtyISDA
FNF:6
FNH:6
FNDA:935,yearFraction
FNDA:28,actualActual
FNDA:31,actualThreeSixty
FNDA:505,actualThreeSixtyFive
FNDA:356,thirtyEThreeSixty
FNDA:15,thirtyEThreeSixtyISDA
DA:34,935
DA:35,935
DA:36,28
DA:38,31
DA:40,505
DA:42,356
DA:44,15
DA:47,0
DA:49,0
DA:61,28
DA:62,28
DA:64,28
DA:66,28
DA:67,25
DA:70,3
DA:72,3
DA:76,3
DA:81,3
DA:92,31
DA:103,505
DA:114,356
DA:115,356
DA:116,356
DA:118,356
DA:119,356
DA:120,356
DA:122,356
DA:123,356
DA:125,356
DA:126,73
DA:129,356
DA:130,65
DA:133,356
DA:134,356
DA:135,356
DA:137,356
DA:148,15
DA:149,15
DA:150,15
DA:152,15
DA:153,15
DA:154,15
DA:156,15
DA:157,15
DA:159,15
DA:160,10
DA:163,15
DA:164,7
DA:167,15
DA:168,15
DA:169,15
DA:171,15
LF:52
LH:50
BRDA:34,1,0,935
BRDA:34,1,1,0
BRDA:35,2,0,28
BRDA:35,2,1,907
BRDA:37,3,0,31
BRDA:37,3,1,876
BRDA:39,4,0,505
BRDA:39,4,1,371
BRDA:41,5,0,356
BRDA:41,5,1,15
BRDA:43,6,0,15
BRDA:43,6,1,0
BRDA:45,7,0,0
BRDA:45,7,1,0
BRDA:66,8,0,25
BRDA:66,8,1,3
BRDA:125,9,0,73
BRDA:125,9,1,283
BRDA:129,10,0,65
BRDA:129,10,1,291
BRDA:159,11,0,10
BRDA:159,11,1,5
BRDA:163,12,0,7
BRDA:163,12,1,8
BRF:24
BRH:20
end_of_record
TN:
SF:/Users/johannes/Documents/dev/actus-protocol/ap-monorepo/packages/actus-solidity/contracts/Core/Conventions/EndOfMonthConvention.sol
FN:26,adjustEndOfMonthConvention
FNF:1
FNH:0
FNDA:0,adjustEndOfMonthConvention
DA:35,0
DA:38,0
DA:42,0
DA:44,0
DA:46,0
DA:48,0
LF:6
LH:0
BRDA:35,1,0,0
BRDA:35,1,1,0
BRDA:38,2,0,0
BRDA:38,2,1,0
BRDA:45,3,0,0
BRDA:45,3,1,0
BRF:6
BRH:0
end_of_record
TN:
SF:/Users/johannes/Documents/dev/actus-protocol/ap-monorepo/packages/actus-solidity/contracts/Core/Core.sol
FNF:0
FNH:0
LF:0
LH:0
BRF:0
BRH:0
end_of_record
TN:
SF:/Users/johannes/Documents/dev/actus-protocol/ap-monorepo/packages/actus-solidity/contracts/Core/Schedule.sol
FN:19,getNextCycleDate
FN:58,computeDatesFromCycleSegment
FNF:2
FNH:2
FNDA:1054,getNextCycleDate
FNDA:108,computeDatesFromCycleSegment
DA:24,1054
DA:26,1054
DA:27,174
DA:29,69
DA:31,687
DA:33,77
DA:35,28
DA:37,19
DA:39,0
DA:42,1054
DA:70,108
DA:71,108
DA:76,108
DA:77,7
DA:78,3
DA:79,3
DA:81,7
DA:82,3
DA:84,7
DA:87,101
DA:88,101
DA:91,101
DA:93,1029
DA:94,957
DA:95,957
DA:96,957
DA:99,1029
DA:102,1029
DA:107,101
DA:108,83
DA:109,79
DA:114,101
DA:115,101
DA:116,30
DA:117,30
DA:121,101
LF:36
LH:35
BRDA:26,1,0,174
BRDA:26,1,1,880
BRDA:28,2,0,69
BRDA:28,2,1,811
BRDA:30,3,0,687
BRDA:30,3,1,124
BRDA:32,4,0,77
BRDA:32,4,1,47
BRDA:34,5,0,28
BRDA:34,5,1,19
BRDA:36,6,0,19
BRDA:36,6,1,0
BRDA:76,7,0,7
BRDA:76,7,1,101
BRDA:77,8,0,3
BRDA:77,8,1,4
BRDA:81,9,0,3
BRDA:81,9,1,4
BRDA:82,10,0,1
BRDA:82,10,1,2
BRDA:93,11,0,957
BRDA:93,11,1,72
BRDA:94,12,0,957
BRDA:94,12,1,0
BRDA:107,13,0,83
BRDA:107,13,1,18
BRDA:108,14,0,79
BRDA:108,14,1,4
BRDA:114,15,0,101
BRDA:114,15,1,0
BRDA:115,16,0,30
BRDA:115,16,1,71
BRF:32
BRH:29
end_of_record
TN:
SF:/Users/johannes/Documents/dev/actus-protocol/ap-monorepo/packages/actus-solidity/contracts/Core/SignedMath.sol
FN:21,floatMult
FN:39,floatDiv
FN:61,min
FN:68,max
FNF:4
FNH:4
FNDA:2347,floatMult
FNDA:948,floatDiv
FNDA:181,min
FNDA:41,max
DA:26,2347
DA:28,1237
DA:29,1237
DA:30,1237
DA:33,1233
DA:34,1233
DA:36,1232
DA:44,948
DA:47,948
DA:48,723
DA:49,723
DA:51,719
DA:52,719
DA:53,719
DA:55,718
DA:62,181
DA:69,41
LF:17
LH:17
BRDA:26,1,0,1110
BRDA:26,1,1,1237
BRDA:28,2,0,1237
BRDA:28,2,1,0
BRDA:30,3,0,1233
BRDA:30,3,1,4
BRDA:34,4,0,1232
BRDA:34,4,1,1
BRDA:44,5,0,948
BRDA:44,5,1,0
BRDA:47,6,0,225
BRDA:47,6,1,723
BRDA:49,7,0,719
BRDA:49,7,1,4
BRDA:51,8,0,719
BRDA:51,8,1,0
BRDA:53,9,0,718
BRDA:53,9,1,1
BRF:18
BRH:15
end_of_record
TN:
SF:/Users/johannes/Documents/dev/actus-protocol/ap-monorepo/packages/actus-solidity/contracts/Core/Utils.sol
FN:16,encodeEvent
FN:27,decodeEvent
FN:42,computeEventTimeForEvent
FN:55,getEpochOffset
FN:82,getTimestampPlusPeriod
FN:111,isInSegment
FNF:6
FNH:5
FNDA:572,encodeEvent
FNDA:1386,decodeEvent
FNDA:448,computeEventTimeForEvent
FNDA:0,getEpochOffset
FNDA:10,getTimestampPlusPeriod
FNDA:1812,isInSegment
DA:21,572
DA:32,1386
DA:33,1386
DA:35,1386
DA:47,448
DA:48,448
DA:60,0
DA:61,0
DA:62,0
DA:63,0
DA:64,0
DA:65,0
DA:66,0
DA:67,0
DA:68,0
DA:69,0
DA:70,0
DA:71,0
DA:72,0
DA:73,0
DA:74,0
DA:75,0
DA:76,0
DA:87,10
DA:89,10
DA:90,2
DA:92,2
DA:94,0
DA:96,2
DA:98,2
DA:100,2
DA:102,0
DA:105,10
DA:120,1812
DA:121,1811
DA:122,93
LF:36
LH:17
BRDA:60,1,0,0
BRDA:60,1,1,0
BRDA:61,2,0,0
BRDA:61,2,1,0
BRDA:62,3,0,0
BRDA:62,3,1,0
BRDA:63,4,0,0
BRDA:63,4,1,0
BRDA:64,5,0,0
BRDA:64,5,1,0
BRDA:65,6,0,0
BRDA:65,6,1,0
BRDA:66,7,0,0
BRDA:66,7,1,0
BRDA:67,8,0,0
BRDA:67,8,1,0
BRDA:68,9,0,0
BRDA:68,9,1,0
BRDA:69,10,0,0
BRDA:69,10,1,0
BRDA:70,11,0,0
BRDA:70,11,1,0
BRDA:71,12,0,0
BRDA:71,12,1,0
BRDA:72,13,0,0
BRDA:72,13,1,0
BRDA:73,14,0,0
BRDA:73,14,1,0
BRDA:74,15,0,0
BRDA:74,15,1,0
BRDA:75,16,0,0
BRDA:75,16,1,0
BRDA:89,17,0,2
BRDA:89,17,1,8
BRDA:91,18,0,2
BRDA:91,18,1,6
BRDA:93,19,0,0
BRDA:93,19,1,6
BRDA:95,20,0,2
BRDA:95,20,1,4
BRDA:97,21,0,2
BRDA:97,21,1,2
BRDA:99,22,0,2
BRDA:99,22,1,0
BRDA:120,23,0,1
BRDA:120,23,1,1811
BRDA:121,24,0,1718
BRDA:121,24,1,93
BRF:48
BRH:14
end_of_record
TN:
SF:/Users/johannes/Documents/dev/actus-protocol/ap-monorepo/packages/actus-solidity/contracts/Engines/ANNEngine.sol
FN:24,computeInitialState
FN:56,computeNonCyclicScheduleSegment
FN:101,computeCyclicScheduleSegment
FN:226,isEventScheduled
FN:252,stateTransitionFunction
FN:298,payoffFunction
FNF:6
FNH:5
FNDA:11,computeInitialState
FNDA:13,computeNonCyclicScheduleSegment
FNDA:60,computeCyclicScheduleSegment
FNDA:0,isEventScheduled
FNDA:175,stateTransitionFunction
FNDA:149,payoffFunction
DA:30,11
DA:32,11
DA:33,11
DA:34,11
DA:35,11
DA:36,11
DA:37,11
DA:38,11
DA:39,11
DA:40,11
DA:42,11
DA:44,11
DA:66,13
DA:67,13
DA:70,13
DA:71,11
DA:72,11
DA:76,13
DA:77,0
DA:78,0
DA:79,0
DA:84,13
DA:85,11
DA:86,11
DA:89,13
DA:112,60
DA:114,60
DA:115,12
DA:119,12
DA:123,12
DA:131,12
DA:132,119
DA:133,107
DA:134,107
DA:135,107
DA:136,107
DA:141,60
DA:142,12
DA:145,12
DA:151,0
DA:152,0
DA:154,0
DA:162,0
DA:163,0
DA:164,0
DA:165,0
DA:166,0
DA:171,60
DA:172,12
DA:175,12
DA:176,0
DA:184,0
DA:185,0
DA:186,0
DA:187,0
DA:188,0
DA:193,60
DA:194,12
DA:197,12
DA:205,12
DA:206,109
DA:207,97
DA:208,97
DA:209,97
DA:213,60
DA:238,0
DA:263,175
DA:268,175
DA:269,175
DA:270,175
DA:271,166
DA:272,166
DA:273,83
DA:275,83
DA:276,8
DA:277,0
DA:278,0
DA:279,0
DA:280,0
DA:281,0
DA:282,0
DA:284,0
DA:309,149
DA:320,149
DA:321,149
DA:322,149
DA:323,149
DA:324,149
DA:325,149
DA:326,149
DA:327,149
DA:328,142
DA:329,71
DA:331,71
DA:332,7
DA:333,0
DA:334,0
DA:336,0
LF:98
LH:70
BRDA:70,1,0,11
BRDA:70,1,1,2
BRDA:76,2,0,0
BRDA:76,2,1,13
BRDA:77,3,0,0
BRDA:77,3,1,0
BRDA:84,4,0,11
BRDA:84,4,1,2
BRDA:114,5,0,12
BRDA:114,5,1,48
BRDA:119,6,0,12
BRDA:119,6,1,0
BRDA:132,7,0,12
BRDA:132,7,1,107
BRDA:133,8,0,0
BRDA:133,8,1,107
BRDA:134,9,0,0
BRDA:134,9,1,107
BRDA:141,10,0,12
BRDA:141,10,1,48
BRDA:145,11,0,0
BRDA:145,11,1,12
BRDA:163,12,0,0
BRDA:163,12,1,0
BRDA:164,13,0,0
BRDA:164,13,1,0
BRDA:171,14,0,12
BRDA:171,14,1,48
BRDA:175,15,0,0
BRDA:175,15,1,12
BRDA:185,16,0,0
BRDA:185,16,1,0
BRDA:186,17,0,0
BRDA:186,17,1,0
BRDA:193,18,0,12
BRDA:193,18,1,48
BRDA:206,19,0,12
BRDA:206,19,1,97
BRDA:207,20,0,0
BRDA:207,20,1,97
BRDA:268,21,0,0
BRDA:268,21,1,175
BRDA:269,22,0,0
BRDA:269,22,1,175
BRDA:270,23,0,9
BRDA:270,23,1,166
BRDA:271,24,0,0
BRDA:271,24,1,166
BRDA:272,25,0,83
BRDA:272,25,1,83
BRDA:273,26,0,0
BRDA:273,26,1,83
BRDA:275,27,0,75
BRDA:275,27,1,8
BRDA:276,28,0,8
BRDA:276,28,1,0
BRDA:277,29,0,0
BRDA:277,29,1,0
BRDA:278,30,0,0
BRDA:278,30,1,0
BRDA:279,31,0,0
BRDA:279,31,1,0
BRDA:280,32,0,0
BRDA:280,32,1,0
BRDA:281,33,0,0
BRDA:281,33,1,0
BRDA:282,34,0,0
BRDA:282,34,1,0
BRDA:320,35,0,0
BRDA:320,35,1,149
BRDA:321,36,0,0
BRDA:321,36,1,149
BRDA:322,37,0,0
BRDA:322,37,1,149
BRDA:323,38,0,0
BRDA:323,38,1,149
BRDA:324,39,0,0
BRDA:324,39,1,149
BRDA:325,40,0,0
BRDA:325,40,1,149
BRDA:326,41,0,0
BRDA:326,41,1,149
BRDA:327,42,0,7
BRDA:327,42,1,142
BRDA:328,43,0,71
BRDA:328,43,1,71
BRDA:329,44,0,0
BRDA:329,44,1,71
BRDA:331,45,0,64
BRDA:331,45,1,7
BRDA:332,46,0,7
BRDA:332,46,1,0
BRDA:333,47,0,0
BRDA:333,47,1,0
BRDA:334,48,0,0
BRDA:334,48,1,0
BRF:96
BRH:49
end_of_record
TN:
SF:/Users/johannes/Documents/dev/actus-protocol/ap-monorepo/packages/actus-solidity/contracts/Engines/BaseEngine.sol
FN:23,computeStateForEvent
FN:50,computePayoffForEvent
FNF:2
FNH:2
FNDA:490,computeStateForEvent
FNDA:448,computePayoffForEvent
DA:34,490
DA:62,448
DA:63,0
DA:71,448
LF:4
LH:3
BRDA:62,1,0,0
BRDA:62,1,1,448
BRF:2
BRH:1
end_of_record
TN:
SF:/Users/johannes/Documents/dev/actus-protocol/ap-monorepo/packages/actus-solidity/contracts/Engines/CECEngine.sol
FN:24,computeInitialState
FN:48,computeNonCyclicScheduleSegment
FN:79,computeCyclicScheduleSegment
FN:105,isEventScheduled
FN:130,stateTransitionFunction
FN:161,payoffFunction
FNF:6
FNH:0
FNDA:0,computeInitialState
FNDA:0,computeNonCyclicScheduleSegment
FNDA:0,computeCyclicScheduleSegment
FNDA:0,isEventScheduled
FNDA:0,stateTransitionFunction
FNDA:0,payoffFunction
DA:30,0
DA:32,0
DA:33,0
DA:34,0
DA:35,0
DA:37,0
DA:58,0
DA:59,0
DA:62,0
DA:63,0
DA:64,0
DA:67,0
DA:90,0
DA:92,0
DA:117,0
DA:141,0
DA:143,0
DA:144,0
DA:145,0
DA:146,0
DA:148,0
DA:172,0
DA:174,0
DA:175,0
DA:176,0
DA:177,0
DA:179,0
LF:27
LH:0
BRDA:62,1,0,0
BRDA:62,1,1,0
BRDA:143,2,0,0
BRDA:143,2,1,0
BRDA:144,3,0,0
BRDA:144,3,1,0
BRDA:145,4,0,0
BRDA:145,4,1,0
BRDA:146,5,0,0
BRDA:146,5,1,0
BRDA:174,6,0,0
BRDA:174,6,1,0
BRDA:175,7,0,0
BRDA:175,7,1,0
BRDA:176,8,0,0
BRDA:176,8,1,0
BRDA:177,9,0,0
BRDA:177,9,1,0
BRF:18
BRH:0
end_of_record
TN:
SF:/Users/johannes/Documents/dev/actus-protocol/ap-monorepo/packages/actus-solidity/contracts/Engines/CEGEngine.sol
FN:24,computeInitialState
FN:49,computeNonCyclicScheduleSegment
FN:88,computeCyclicScheduleSegment
FN:136,isEventScheduled
FN:173,stateTransitionFunction
FN:206,payoffFunction
FNF:6
FNH:1
FNDA:3,computeInitialState
FNDA:0,computeNonCyclicScheduleSegment
FNDA:0,computeCyclicScheduleSegment
FNDA:0,isEventScheduled
FNDA:0,stateTransitionFunction
FNDA:0,payoffFunction
DA:30,3
DA:32,3
DA:33,3
DA:34,3
DA:35,3
DA:36,3
DA:38,3
DA:59,0
DA:60,0
DA:63,0
DA:64,0
DA:65,0
DA:66,0
DA:71,0
DA:72,0
DA:73,0
DA:76,0
DA:99,0
DA:101,0
DA:102,0
DA:105,0
DA:106,0
DA:114,0
DA:115,0
DA:116,0
DA:117,0
DA:118,0
DA:123,0
DA:148,0
DA:150,0
DA:152,0
DA:156,0
DA:160,0
DA:184,0
DA:187,0
DA:188,0
DA:189,0
DA:190,0
DA:191,0
DA:193,0
DA:217,0
DA:220,0
DA:222,0
DA:223,0
DA:224,0
DA:225,0
DA:227,0
LF:47
LH:7
BRDA:63,1,0,0
BRDA:63,1,1,0
BRDA:64,2,0,0
BRDA:64,2,1,0
BRDA:71,3,0,0
BRDA:71,3,1,0
BRDA:101,4,0,0
BRDA:101,4,1,0
BRDA:105,5,0,0
BRDA:105,5,1,0
BRDA:115,6,0,0
BRDA:115,6,1,0
BRDA:116,7,0,0
BRDA:116,7,1,0
BRDA:150,8,0,0
BRDA:150,8,1,0
BRDA:152,9,0,0
BRDA:152,9,1,0
BRDA:187,10,0,0
BRDA:187,10,1,0
BRDA:188,11,0,0
BRDA:188,11,1,0
BRDA:189,12,0,0
BRDA:189,12,1,0
BRDA:190,13,0,0
BRDA:190,13,1,0
BRDA:191,14,0,0
BRDA:191,14,1,0
BRDA:220,15,0,0
BRDA:220,15,1,0
BRDA:222,16,0,0
BRDA:222,16,1,0
BRDA:223,17,0,0
BRDA:223,17,1,0
BRDA:224,18,0,0
BRDA:224,18,1,0
BRDA:225,19,0,0
BRDA:225,19,1,0
BRF:38
BRH:0
end_of_record
TN:
SF:/Users/johannes/Documents/dev/actus-protocol/ap-monorepo/packages/actus-solidity/contracts/Engines/IEngine.sol
FNF:0
FNH:0
LF:0
LH:0
BRF:0
BRH:0
end_of_record
TN:
SF:/Users/johannes/Documents/dev/actus-protocol/ap-monorepo/packages/actus-solidity/contracts/Engines/PAMEngine.sol
FN:23,computeInitialState
FN:52,computeNonCyclicScheduleSegment
FN:97,computeCyclicScheduleSegment
FN:248,isEventScheduled
FN:274,stateTransitionFunction
FN:319,payoffFunction
FNF:6
FNH:5
FNDA:33,computeInitialState
FNDA:26,computeNonCyclicScheduleSegment
FNDA:125,computeCyclicScheduleSegment
FNDA:0,isEventScheduled
FNDA:315,stateTransitionFunction
FNDA:299,payoffFunction
DA:29,33
DA:31,33
DA:32,33
DA:33,33
DA:34,33
DA:35,33
DA:36,33
DA:37,33
DA:38,33
DA:39,33
DA:41,33
DA:62,26
DA:63,26
DA:66,26
DA:67,24
DA:68,24
DA:72,26
DA:73,0
DA:74,0
DA:75,0
DA:80,26
DA:81,24
DA:82,24
DA:85,26
DA:108,125
DA:110,125
DA:111,25
DA:115,25
DA:119,25
DA:127,25
DA:128,303
DA:129,278
DA:130,273
DA:131,273
DA:132,273
DA:137,125
DA:138,25
DA:141,25
DA:146,1
DA:147,1
DA:149,1
DA:157,1
DA:158,7
DA:159,6
DA:160,6
DA:161,6
DA:166,125
DA:167,25
DA:170,25
DA:171,4
DA:179,4
DA:180,23
DA:181,19
DA:182,19
DA:183,19
DA:189,125
DA:190,25
DA:193,25
DA:194,0
DA:202,0
DA:203,0
DA:204,0
DA:205,0
DA:206,0
DA:211,125
DA:212,0
DA:215,0
DA:218,0
DA:226,0
DA:227,0
DA:228,0
DA:229,0
DA:230,0
DA:235,125
DA:260,0
DA:285,315
DA:290,315
DA:291,315
DA:292,315
DA:293,293
DA:294,287
DA:295,40
DA:297,40
DA:298,19
DA:299,19
DA:300,19
DA:301,0
DA:302,0
DA:303,0
DA:305,0
DA:330,299
DA:337,299
DA:338,299
DA:339,293
DA:340,293
DA:341,274
DA:342,274
DA:343,274
DA:344,274
DA:345,254
DA:346,20
DA:348,20
DA:349,0
DA:350,0
DA:352,0
LF:105
LH:80
BRDA:66,1,0,24
BRDA:66,1,1,2
BRDA:72,2,0,0
BRDA:72,2,1,26
BRDA:73,3,0,0
BRDA:73,3,1,0
BRDA:80,4,0,24
BRDA:80,4,1,2
BRDA:110,5,0,25
BRDA:110,5,1,100
BRDA:115,6,0,25
BRDA:115,6,1,0
BRDA:128,7,0,25
BRDA:128,7,1,278
BRDA:129,8,0,5
BRDA:129,8,1,273
BRDA:130,9,0,0
BRDA:130,9,1,273
BRDA:137,10,0,25
BRDA:137,10,1,100
BRDA:141,11,0,1
BRDA:141,11,1,24
BRDA:158,12,0,1
BRDA:158,12,1,6
BRDA:159,13,0,0
BRDA:159,13,1,6
BRDA:166,14,0,25
BRDA:166,14,1,100
BRDA:170,15,0,4
BRDA:170,15,1,21
BRDA:180,16,0,4
BRDA:180,16,1,19
BRDA:181,17,0,0
BRDA:181,17,1,19
BRDA:189,18,0,25
BRDA:189,18,1,100
BRDA:193,19,0,0
BRDA:193,19,1,25
BRDA:203,20,0,0
BRDA:203,20,1,0
BRDA:204,21,0,0
BRDA:204,21,1,0
BRDA:211,22,0,0
BRDA:211,22,1,125
BRDA:215,23,0,0
BRDA:215,23,1,0
BRDA:227,24,0,0
BRDA:227,24,1,0
BRDA:228,25,0,0
BRDA:228,25,1,0
BRDA:290,26,0,0
BRDA:290,26,1,315
BRDA:291,27,0,0
BRDA:291,27,1,315
BRDA:292,28,0,22
BRDA:292,28,1,293
BRDA:293,29,0,6
BRDA:293,29,1,287
BRDA:294,30,0,247
BRDA:294,30,1,40
BRDA:295,31,0,0
BRDA:295,31,1,40
BRDA:297,32,0,21
BRDA:297,32,1,19
BRDA:298,33,0,0
BRDA:298,33,1,19
BRDA:299,34,0,0
BRDA:299,34,1,19
BRDA:300,35,0,19
BRDA:300,35,1,0
BRDA:301,36,0,0
BRDA:301,36,1,0
BRDA:302,37,0,0
BRDA:302,37,1,0
BRDA:303,38,0,0
BRDA:303,38,1,0
BRDA:337,39,0,0
BRDA:337,39,1,299
BRDA:338,40,0,6
BRDA:338,40,1,293
BRDA:339,41,0,0
BRDA:339,41,1,293
BRDA:340,42,0,19
BRDA:340,42,1,274
BRDA:341,43,0,0
BRDA:341,43,1,274
BRDA:342,44,0,0
BRDA:342,44,1,274
BRDA:343,45,0,0
BRDA:343,45,1,274
BRDA:344,46,0,20
BRDA:344,46,1,254
BRDA:345,47,0,234
BRDA:345,47,1,20
BRDA:346,48,0,0
BRDA:346,48,1,20
BRDA:348,49,0,20
BRDA:348,49,1,0
BRDA:349,50,0,0
BRDA:349,50,1,0
BRDA:350,51,0,0
BRDA:350,51,1,0
BRF:102
BRH:60
end_of_record
TN:
SF:/Users/johannes/Documents/dev/actus-protocol/ap-monorepo/packages/actus-solidity/contracts/Engines/POF.sol
FN:18,POF_PAM_FP
FN:54,POF_PAM_IED
FN:76,POF_PAM_IP
FN:108,POF_PAM_PP
FN:128,POF_PAM_MD
FN:148,POF_PAM_PY
FN:193,POF_PAM_TD
FN:225,POF_ANN_PR
FN:262,POF_CEG_STD
FN:279,POF_CEG_FP
FNF:10
FNH:10
FNDA:2,POF_PAM_FP
FNDA:28,POF_PAM_IED
FNDA:306,POF_PAM_IP
FNDA:1,POF_PAM_PP
FNDA:28,POF_PAM_MD
FNDA:3,POF_PAM_PY
FNDA:1,POF_PAM_TD
FNDA:65,POF_ANN_PR
FNDA:1,POF_CEG_STD
FNDA:2,POF_CEG_FP
DA:28,2
DA:29,1
DA:35,1
DA:64,28
DA:86,306
DA:118,1
DA:138,28
DA:158,3
DA:159,1
DA:164,1
DA:176,1
DA:203,1
DA:235,65
DA:272,1
DA:289,2
DA:290,1
DA:296,1
LF:17
LH:17
BRDA:28,1,0,1
BRDA:28,1,1,1
BRDA:158,2,0,1
BRDA:158,2,1,2
BRDA:163,3,0,1
BRDA:163,3,1,1
BRDA:289,4,0,1
BRDA:289,4,1,1
BRF:8
BRH:8
end_of_record
TN:
SF:/Users/johannes/Documents/dev/actus-protocol/ap-monorepo/packages/actus-solidity/contracts/Engines/STF.sol
FN:19,STF_PAM_NE
FN:37,STF_PAM_AD
FN:75,STF_PAM_FP
FN:108,STF_PAM_IED
FN:153,STF_PAM_IPCI
FN:195,STF_PAM_IP
FN:228,STF_PAM_PP
FN:267,STF_PAM_PR
FN:306,STF_PAM_PY
FN:344,STF_PAM_RRF
FN:383,STF_PAM_RR
FN:438,STF_PAM_SC
FN:484,STF_PAM_MD
FN:524,STF_PAM_TD
FN:549,STF_PAM_CE
FN:686,STF_ANN_IED
FN:726,STF_ANN_IPCI
FN:763,STF_ANN_IP
FN:824,STF_ANN_PR
FN:873,STF_ANN_MD
FN:974,STF_ANN_RR
FN:1023,STF_ANN_SC
FN:1087,STF_CEG_MD
FN:1104,STF_CEG_XD
FN:1138,STF_CEG_STD
FN:1156,STF_CEG_PRD
FN:1173,STF_CEG_FP
FNF:27
FNH:15
FNDA:0,STF_PAM_NE
FNDA:1,STF_PAM_AD
FNDA:1,STF_PAM_FP
FNDA:23,STF_PAM_IED
FNDA:7,STF_PAM_IPCI
FNDA:248,STF_PAM_IP
FNDA:1,STF_PAM_PP
FNDA:1,STF_PAM_PR
FNDA:1,STF_PAM_PY
FNDA:1,STF_PAM_RRF
FNDA:19,STF_PAM_RR
FNDA:0,STF_PAM_SC
FNDA:21,STF_PAM_MD
FNDA:0,STF_PAM_TD
FNDA:0,STF_PAM_CE
FNDA:9,STF_ANN_IED
FNDA:0,STF_ANN_IPCI
FNDA:83,STF_ANN_IP
FNDA:75,STF_ANN_PR
FNDA:8,STF_ANN_MD
FNDA:0,STF_ANN_RR
FNDA:0,STF_ANN_SC
FNDA:0,STF_CEG_MD
FNDA:0,STF_CEG_XD
FNDA:0,STF_CEG_STD
FNDA:0,STF_CEG_PRD
FNDA:0,STF_CEG_FP
DA:29,0
DA:47,1
DA:53,1
DA:59,1
DA:65,1
DA:67,1
DA:85,1
DA:91,1
DA:97,1
DA:98,1
DA:100,1
DA:118,23
DA:124,23
DA:125,23
DA:126,23
DA:128,23
DA:145,23
DA:163,7
DA:169,7
DA:178,7
DA:179,7
DA:185,7
DA:187,7
DA:205,248
DA:211,248
DA:212,248
DA:218,248
DA:220,248
DA:238,1
DA:244,1
DA:250,1
DA:256,1
DA:257,1
DA:259,1
DA:277,1
DA:283,1
DA:289,1
DA:295,1
DA:296,1
DA:298,1
DA:316,1
DA:322,1
DA:328,1
DA:334,1
DA:336,1
DA:354,1
DA:360,1
DA:366,1
DA:372,1
DA:373,1
DA:375,1
DA:397,19
DA:400,19
DA:406,19
DA:407,19
DA:413,19
DA:415,19
DA:421,19
DA:427,19
DA:428,19
DA:430,19
DA:448,0
DA:454,0
DA:460,0
DA:467,0
DA:468,0
DA:470,0
DA:471,0
DA:474,0
DA:476,0
DA:494,21
DA:500,21
DA:506,21
DA:512,21
DA:513,21
DA:514,21
DA:516,21
DA:534,0
DA:535,0
DA:536,0
DA:537,0
DA:538,0
DA:539,0
DA:541,0
DA:559,0
DA:563,0
DA:565,0
DA:566,0
DA:567,0
DA:568,0
DA:569,0
DA:570,0
DA:574,0
DA:575,0
DA:576,0
DA:577,0
DA:579,0
DA:583,0
DA:584,0
DA:591,0
DA:696,9
DA:702,9
DA:703,9
DA:704,9
DA:706,9
DA:723,9
DA:736,0
DA:742,0
DA:751,0
DA:752,0
DA:758,0
DA:760,0
DA:773,83
DA:779,83
DA:780,83
DA:786,83
DA:788,83
DA:834,75
DA:840,75
DA:846,75
DA:852,75
DA:868,75
DA:870,75
DA:883,8
DA:889,8
DA:895,8
DA:901,8
DA:902,8
DA:903,8
DA:905,8
DA:986,0
DA:987,0
DA:990,0
DA:991,0
DA:993,0
DA:995,0
DA:998,0
DA:999,0
DA:1001,0
DA:1004,0
DA:1010,0
DA:1016,0
DA:1017,0
DA:1018,0
DA:1020,0
DA:1033,0
DA:1039,0
DA:1045,0
DA:1052,0
DA:1053,0
DA:1055,0
DA:1056,0
DA:1059,0
DA:1061,0
DA:1097,0
DA:1098,0
DA:1099,0
DA:1101,0
DA:1114,0
DA:1116,0
DA:1117,0
DA:1119,0
DA:1120,0
DA:1122,0
DA:1135,0
DA:1148,0
DA:1149,0
DA:1150,0
DA:1151,0
DA:1153,0
DA:1166,0
DA:1167,0
DA:1168,0
DA:1170,0
DA:1183,0
DA:1184,0
DA:1186,0
LF:177
LH:91
BRDA:467,1,0,0
BRDA:467,1,1,0
BRDA:470,2,0,0
BRDA:470,2,1,0
BRDA:566,3,0,0
BRDA:566,3,1,0
BRDA:568,4,0,0
BRDA:568,4,1,0
BRDA:574,5,0,0
BRDA:574,5,1,0
BRDA:576,6,0,0
BRDA:576,6,1,0
BRDA:583,7,0,0
BRDA:583,7,1,0
BRDA:990,8,0,0
BRDA:990,8,1,0
BRDA:992,9,0,0
BRDA:992,9,1,0
BRDA:998,10,0,0
BRDA:998,10,1,0
BRDA:1000,11,0,0
BRDA:1000,11,1,0
BRDA:1052,12,0,0
BRDA:1052,12,1,0
BRDA:1055,13,0,0
BRDA:1055,13,1,0
BRDA:1119,14,0,0
BRDA:1119,14,1,0
BRF:28
BRH:0
end_of_record
